Log file open, 03/09/23 10:58:00
LogWindows: Failed to load 'aqProf.dll' (GetLastError=126)
LogWindows: File 'aqProf.dll' does not exist
LogWindows: Failed to load 'VtuneApi.dll' (GetLastError=126)
LogWindows: File 'VtuneApi.dll' does not exist
LogWindows: Failed to load 'VtuneApi32e.dll' (GetLastError=126)
LogWindows: File 'VtuneApi32e.dll' does not exist
LogConsoleResponse: Display: Failed to find resolution value strings in scalability ini. Falling back to default.
LogConsoleResponse: Display: Failed to find resolution value strings in scalability ini. Falling back to default.
LogInit: Display: Running engine for game: GhostGang
LogPlatformFile: Not using cached read wrapper
LogTaskGraph: Started task graph with 5 named threads and 11 total threads with 3 sets of task threads.
LogStats: Stats thread started at 1.432619
LogICUInternationalization: ICU TimeZone Detection - Raw Offset: +0:00, Platform Override: ''
LogInit: Display: Loading text-based GConfig....
LogPluginManager: Mounting plugin MeshPainting
LogPluginManager: Mounting plugin XGEController
LogPluginManager: Mounting plugin Paper2D
LogPluginManager: Mounting plugin LiveLink
LogPluginManager: Mounting plugin LightPropagationVolume
LogPluginManager: Mounting plugin AISupport
LogPluginManager: Mounting plugin EnvironmentQueryEditor
LogPluginManager: Mounting plugin CameraShakePreviewer
LogPluginManager: Mounting plugin GameplayCameras
LogPluginManager: Mounting plugin OodleData
LogPluginManager: Mounting plugin OodleNetwork
LogPluginManager: Mounting plugin AnimationSharing
LogPluginManager: Mounting plugin CLionSourceCodeAccess
LogPluginManager: Mounting plugin CodeLiteSourceCodeAccess
LogPluginManager: Mounting plugin GitSourceControl
LogPluginManager: Mounting plugin KDevelopSourceCodeAccess
LogPluginManager: Mounting plugin NullSourceCodeAccess
LogPluginManager: Mounting plugin PerforceSourceControl
LogPluginManager: Mounting plugin PixWinPlugin
LogPluginManager: Mounting plugin PlasticSourceControl
LogPluginManager: Mounting plugin PluginUtils
LogPluginManager: Mounting plugin PropertyAccessNode
LogPluginManager: Mounting plugin RiderSourceCodeAccess
LogPluginManager: Mounting plugin SubversionSourceControl
LogPluginManager: Mounting plugin TextureFormatOodle
LogPluginManager: Mounting plugin UObjectPlugin
LogPluginManager: Mounting plugin VisualStudioCodeSourceCodeAccess
LogPluginManager: Mounting plugin VisualStudioSourceCodeAccess
LogPluginManager: Mounting plugin XCodeSourceCodeAccess
LogPluginManager: Mounting plugin AssetManagerEditor
LogPluginManager: Mounting plugin CryptoKeys
LogPluginManager: Mounting plugin CurveEditorTools
LogPluginManager: Mounting plugin DataValidation
LogPluginManager: Mounting plugin FacialAnimation
LogPluginManager: Mounting plugin GameplayTagsEditor
LogPluginManager: Mounting plugin GeometryMode
LogPluginManager: Mounting plugin MacGraphicsSwitching
LogPluginManager: Mounting plugin MaterialAnalyzer
LogPluginManager: Mounting plugin MobileLauncherProfileWizard
LogPluginManager: Mounting plugin PluginBrowser
LogPluginManager: Mounting plugin SpeedTreeImporter
LogPluginManager: Mounting plugin DatasmithContent
LogPluginManager: Mounting plugin VariantManagerContent
LogPluginManager: Mounting plugin Niagara
LogPluginManager: Mounting plugin AlembicImporter
LogPluginManager: Mounting plugin AutomationUtils
LogPluginManager: Mounting plugin BackChannel
LogPluginManager: Mounting plugin ChaosCloth
LogPluginManager: Mounting plugin ChaosClothEditor
LogPluginManager: Mounting plugin ChaosEditor
LogPluginManager: Mounting plugin ChaosNiagara
LogPluginManager: Mounting plugin ChaosSolverPlugin
LogPluginManager: Mounting plugin CharacterAI
LogPluginManager: Mounting plugin GeometryCache
LogPluginManager: Mounting plugin GeometryCollectionPlugin
LogPluginManager: Mounting plugin GeometryProcessing
LogPluginManager: Mounting plugin MotoSynth
LogPluginManager: Mounting plugin OpenImageDenoise
LogPluginManager: Mounting plugin PlanarCut
LogPluginManager: Mounting plugin PlatformCrypto
LogPluginManager: Mounting plugin ProxyLODPlugin
LogPluginManager: Mounting plugin PythonScriptPlugin
LogPluginManager: Mounting plugin SkeletalReduction
LogPluginManager: Mounting plugin LuminPlatformFeatures
LogPluginManager: Mounting plugin MagicLeap
LogPluginManager: Mounting plugin MagicLeapLightEstimation
LogPluginManager: Mounting plugin MagicLeapMedia
LogPluginManager: Mounting plugin MagicLeapPassableWorld
LogPluginManager: Mounting plugin MLSDK
LogPluginManager: Mounting plugin UltraleapTracking
LogPluginManager: Mounting plugin AndroidMedia
LogPluginManager: Mounting plugin AvfMedia
LogPluginManager: Mounting plugin ImgMedia
LogPluginManager: Mounting plugin MediaCompositing
LogPluginManager: Mounting plugin MediaPlayerEditor
LogPluginManager: Mounting plugin WebMMedia
LogPluginManager: Mounting plugin WmfMedia
LogPluginManager: Mounting plugin UdpMessaging
LogPluginManager: Mounting plugin TcpMessaging
LogPluginManager: Mounting plugin ActorSequence
LogPluginManager: Mounting plugin LevelSequenceEditor
LogPluginManager: Mounting plugin MatineeToLevelSequence
LogPluginManager: Mounting plugin TemplateSequence
LogPluginManager: Mounting plugin OnlineSubsystem
LogPluginManager: Mounting plugin OnlineSubsystemNull
LogPluginManager: Mounting plugin OnlineSubsystemUtils
LogPluginManager: Mounting plugin LauncherChunkInstaller
LogPluginManager: Mounting plugin ActorLayerUtilities
LogPluginManager: Mounting plugin AndroidDeviceProfileSelector
LogPluginManager: Mounting plugin AndroidMoviePlayer
LogPluginManager: Mounting plugin AndroidPermission
LogPluginManager: Mounting plugin AppleImageUtils
LogPluginManager: Mounting plugin AppleMoviePlayer
LogPluginManager: Mounting plugin ArchVisCharacter
LogPluginManager: Mounting plugin AssetTags
LogPluginManager: Mounting plugin AudioSynesthesia
LogPluginManager: Mounting plugin CableComponent
LogPluginManager: Mounting plugin ChunkDownloader
LogPluginManager: Mounting plugin AudioCapture
LogPluginManager: Mounting plugin CustomMeshComponent
LogPluginManager: Mounting plugin EditableMesh
LogPluginManager: Mounting plugin ExampleDeviceProfileSelector
LogPluginManager: Mounting plugin GoogleCloudMessaging
LogPluginManager: Mounting plugin GooglePAD
LogPluginManager: Mounting plugin IOSDeviceProfileSelector
LogPluginManager: Mounting plugin LinuxDeviceProfileSelector
LogPluginManager: Mounting plugin LocationServicesBPLibrary
LogPluginManager: Mounting plugin MobilePatchingUtils
LogPluginManager: Mounting plugin OpenXR
LogPluginManager: Mounting plugin OpenXREyeTracker
LogPluginManager: Mounting plugin OpenXRHandTracking
LogPluginManager: Mounting plugin PhysXVehicles
LogPluginManager: Mounting plugin PostSplashScreen
LogPluginManager: Mounting plugin ProceduralMeshComponent
LogPluginManager: Mounting plugin PropertyAccessEditor
LogPluginManager: Mounting plugin RuntimePhysXCooking
LogPluginManager: Mounting plugin SignificanceManager
LogPluginManager: Mounting plugin SoundFields
LogPluginManager: Mounting plugin Synthesis
LogPluginManager: Mounting plugin WebMMoviePlayer
LogPluginManager: Mounting plugin WindowsMoviePlayer
LogPluginManager: Mounting plugin ScreenshotTools
LogPluginManager: Mounting plugin Takes
LogPluginManager: Mounting plugin ContentBrowserAssetDataSource
LogPluginManager: Mounting plugin ContentBrowserFileDataSource
LogPluginManager: Mounting plugin ContentBrowserClassDataSource
LogPluginManager: Mounting plugin OnlineSubsystemGooglePlay
LogPluginManager: Mounting plugin OnlineSubsystemIOS
LogPluginManager: Mounting plugin OculusVR
LogPluginManager: Mounting plugin SteamVR
PixWinPlugin: PIX capture plugin failed to initialize! Check that the process is launched from PIX.
LogInit: Using libcurl 7.55.1-DEV
LogInit:  - built for x86_64-pc-win32
LogInit:  - supports SSL with OpenSSL/1.1.1
LogInit:  - supports HTTP deflate (compression) using libz 1.2.8
LogInit:  - other features:
LogInit:      CURL_VERSION_SSL
LogInit:      CURL_VERSION_LIBZ
LogInit:      CURL_VERSION_IPV6
LogInit:      CURL_VERSION_ASYNCHDNS
LogInit:      CURL_VERSION_LARGEFILE
LogInit:      CURL_VERSION_IDN
LogInit:  CurlRequestOptions (configurable via config and command line):
LogInit:  - bVerifyPeer = true  - Libcurl will verify peer certificate
LogInit:  - bUseHttpProxy = false  - Libcurl will NOT use HTTP proxy
LogInit:  - bDontReuseConnections = false  - Libcurl will reuse connections
LogInit:  - MaxHostConnections = 16  - Libcurl will limit the number of connections to a host
LogInit:  - LocalHostAddr = Default
LogInit:  - BufferSize = 65536
LogOnline: OSS: Creating online subsystem instance for: NULL
LogInit: WinSock: version 1.1 (2.2), MaxSocks=32767, MaxUdp=65467
LogOnline: OSS: TryLoadSubsystemAndSetDefault: Loaded subsystem for module [NULL]
LogOculusPluginWrapper: OculusPlugin initialized successfully
LogHMD: Failed initializing OVRPlugin 1.59.0
LogInit: Build: ++UE4+Release-4.27-CL-18319896
LogInit: Engine Version: 4.27.2-18319896+++UE4+Release-4.27
LogInit: Compatible Engine Version: 4.27.0-17155196+++UE4+Release-4.27
LogInit: Net CL: 17155196
LogInit: OS: Windows 10 (Release 2009) (), CPU: AMD Athlon Gold 3150U with Radeon Graphics     , GPU: AMD Radeon(TM) Graphics
LogInit: Compiled (64-bit): Nov 30 2021 07:12:08
LogInit: Compiled with Visual C++: 19.24.28315.00
LogInit: Build Configuration: Development
LogInit: Branch Name: ++UE4+Release-4.27
LogInit: Command Line:  /Game/GhostGang/Levels/Level01 -game -PIEVIACONSOLE -Multiprocess GameUserSettingsINI=D:/GhostGangHotel/GhostGang/Saved/Config/Windows/PIEGameUserSettings0.ini -MultiprocessSaveConfig -forcepassthrough -messaging -SessionName="Play in Standalone Game" -windowed -WinX=0 -WinY=24 SAVEWINPOS=1 -ResX=1356 -ResY=734
LogInit: Base Directory: D:/UE_4.27/Engine/Binaries/Win64/
LogInit: Allocator: TBB
LogInit: Installed Engine Build: 1
LogDevObjectVersion: Number of dev versions registered: 29
LogDevObjectVersion:   Dev-Blueprints (B0D832E4-1F89-4F0D-ACCF-7EB736FD4AA2): 10
LogDevObjectVersion:   Dev-Build (E1C64328-A22C-4D53-A36C-8E866417BD8C): 0
LogDevObjectVersion:   Dev-Core (375EC13C-06E4-48FB-B500-84F0262A717E): 4
LogDevObjectVersion:   Dev-Editor (E4B068ED-F494-42E9-A231-DA0B2E46BB41): 40
LogDevObjectVersion:   Dev-Framework (CFFC743F-43B0-4480-9391-14DF171D2073): 37
LogDevObjectVersion:   Dev-Mobile (B02B49B5-BB20-44E9-A304-32B752E40360): 3
LogDevObjectVersion:   Dev-Networking (A4E4105C-59A1-49B5-A7C5-40C4547EDFEE): 0
LogDevObjectVersion:   Dev-Online (39C831C9-5AE6-47DC-9A44-9C173E1C8E7C): 0
LogDevObjectVersion:   Dev-Physics (78F01B33-EBEA-4F98-B9B4-84EACCB95AA2): 14
LogDevObjectVersion:   Dev-Platform (6631380F-2D4D-43E0-8009-CF276956A95A): 0
LogDevObjectVersion:   Dev-Rendering (12F88B9F-8875-4AFC-A67C-D90C383ABD29): 45
LogDevObjectVersion:   Dev-Sequencer (7B5AE74C-D270-4C10-A958-57980B212A5A): 13
LogDevObjectVersion:   Dev-VR (D7296918-1DD6-4BDD-9DE2-64A83CC13884): 3
LogDevObjectVersion:   Dev-LoadTimes (C2A15278-BFE7-4AFE-6C17-90FF531DF755): 1
LogDevObjectVersion:   Private-Geometry (6EACA3D4-40EC-4CC1-B786-8BED09428FC5): 3
LogDevObjectVersion:   Dev-AnimPhys (29E575DD-E0A3-4627-9D10-D276232CDCEA): 17
LogDevObjectVersion:   Dev-Anim (AF43A65D-7FD3-4947-9873-3E8ED9C1BB05): 15
LogDevObjectVersion:   Dev-ReflectionCapture (6B266CEC-1EC7-4B8F-A30B-E4D90942FC07): 1
LogDevObjectVersion:   Dev-Automation (0DF73D61-A23F-47EA-B727-89E90C41499A): 1
LogDevObjectVersion:   FortniteMain (601D1886-AC64-4F84-AA16-D3DE0DEAC7D6): 47
LogDevObjectVersion:   FortniteRelease (E7086368-6B23-4C58-8439-1B7016265E91): 1
LogDevObjectVersion:   Dev-Enterprise (9DFFBCD6-494F-0158-E221-12823C92A888): 10
LogDevObjectVersion:   Dev-Niagara (F2AED0AC-9AFE-416F-8664-AA7FFA26D6FC): 1
LogDevObjectVersion:   Dev-Destruction (174F1F0B-B4C6-45A5-B13F-2EE8D0FB917D): 10
LogDevObjectVersion:   Dev-Physics-Ext (35F94A83-E258-406C-A318-09F59610247C): 41
LogDevObjectVersion:   Dev-PhysicsMaterial-Chaos (B68FC16E-8B1B-42E2-B453-215C058844FE): 1
LogDevObjectVersion:   Dev-CineCamera (B2E18506-4273-CFC2-A54E-F4BB758BBA07): 1
LogDevObjectVersion:   Dev-VirtualProduction (64F58936-FD1B-42BA-BA96-7289D5D0FA4E): 1
LogDevObjectVersion:   Dev-MediaFramework (6F0ED827-A609-4895-9C91-998D90180EA4): 2
LogLinker: AddRedirectList(D:/GhostGangHotel/GhostGang/Saved/Config/Windows/UltraleapTracking.ini) has substring redirect /LeapMotion, these are very slow and should be resolved as soon as possible!
LogLinker: AddRedirectList(D:/GhostGangHotel/GhostGang/Saved/Config/Windows/UltraleapTracking.ini) has substring redirect /Script/LeapMotion, these are very slow and should be resolved as soon as possible!
LogLinker: AddRedirectList(D:/GhostGangHotel/GhostGang/Saved/Config/Windows/UltraleapTracking.ini) has substring redirect /Script/LeapMotion, these are very slow and should be resolved as soon as possible!
LogLinker: AddRedirectList(D:/GhostGangHotel/GhostGang/Saved/Config/Windows/UltraleapTracking.ini) has substring redirect /Script/LeapMotion, these are very slow and should be resolved as soon as possible!
LogLinker: AddRedirectList(D:/GhostGangHotel/GhostGang/Saved/Config/Windows/UltraleapTracking.ini) has substring redirect /Script/LeapMotion, these are very slow and should be resolved as soon as possible!
LogInit: Presizing for max 25165824 objects, including 0 objects not considered by GC, pre-allocating 0 bytes for permanent pool.
LogConfig: Applying CVar settings from Section [/Script/Engine.StreamingSettings] File [D:/GhostGangHotel/GhostGang/Saved/Config/Windows/Engine.ini]
LogConfig: Setting CVar [[s.MinBulkDataSizeForAsyncLoading:131072]]
LogConfig: Setting CVar [[s.AsyncLoadingThreadEnabled:0]]
LogConfig: Setting CVar [[s.EventDrivenLoaderEnabled:1]]
LogConfig: Setting CVar [[s.WarnIfTimeLimitExceeded:0]]
LogConfig: Setting CVar [[s.TimeLimitExceededMultiplier:1.5]]
LogConfig: Setting CVar [[s.TimeLimitExceededMinTime:0.005]]
LogConfig: Setting CVar [[s.UseBackgroundLevelStreaming:1]]
LogConfig: Setting CVar [[s.PriorityAsyncLoadingExtraTime:15.0]]
LogConfig: Setting CVar [[s.LevelStreamingActorsUpdateTimeLimit:5.0]]
LogConfig: Setting CVar [[s.PriorityLevelStreamingActorsUpdateExtraTime:5.0]]
LogConfig: Setting CVar [[s.LevelStreamingComponentsRegistrationGranularity:10]]
LogConfig: Setting CVar [[s.UnregisterComponentsTimeLimit:1.0]]
LogConfig: Setting CVar [[s.LevelStreamingComponentsUnregistrationGranularity:5]]
LogConfig: Setting CVar [[s.FlushStreamingOnExit:1]]
LogInit: Object subsystem initialized
LogConfig: Setting CVar [[con.DebugEarlyDefault:1]]
LogConfig: Setting CVar [[r.setres:1280x720]]
[2023.03.09-10.58.01:511][  0]LogConfig: Setting CVar [[con.DebugEarlyDefault:1]]
[2023.03.09-10.58.01:511][  0]LogConfig: Setting CVar [[r.setres:1280x720]]
[2023.03.09-10.58.01:511][  0]LogConfig: Applying CVar settings from Section [/Script/Engine.RendererSettings] File [D:/GhostGangHotel/GhostGang/Saved/Config/Windows/Engine.ini]
[2023.03.09-10.58.01:511][  0]LogConfig: Setting CVar [[r.GPUCrashDebugging:0]]
[2023.03.09-10.58.01:511][  0]LogConfig: Applying CVar settings from Section [/Script/Engine.RendererOverrideSettings] File [D:/GhostGangHotel/GhostGang/Saved/Config/Windows/Engine.ini]
[2023.03.09-10.58.01:511][  0]LogConfig: Applying CVar settings from Section [/Script/Engine.StreamingSettings] File [D:/GhostGangHotel/GhostGang/Saved/Config/Windows/Engine.ini]
[2023.03.09-10.58.01:511][  0]LogConfig: Setting CVar [[s.MinBulkDataSizeForAsyncLoading:131072]]
[2023.03.09-10.58.01:511][  0]LogConfig: Setting CVar [[s.AsyncLoadingThreadEnabled:0]]
[2023.03.09-10.58.01:511][  0]LogConfig: Setting CVar [[s.EventDrivenLoaderEnabled:1]]
[2023.03.09-10.58.01:511][  0]LogConfig: Setting CVar [[s.WarnIfTimeLimitExceeded:0]]
[2023.03.09-10.58.01:511][  0]LogConfig: Setting CVar [[s.TimeLimitExceededMultiplier:1.5]]
[2023.03.09-10.58.01:511][  0]LogConfig: Setting CVar [[s.TimeLimitExceededMinTime:0.005]]
[2023.03.09-10.58.01:511][  0]LogConfig: Setting CVar [[s.UseBackgroundLevelStreaming:1]]
[2023.03.09-10.58.01:511][  0]LogConfig: Setting CVar [[s.PriorityAsyncLoadingExtraTime:15.0]]
[2023.03.09-10.58.01:511][  0]LogConfig: Setting CVar [[s.LevelStreamingActorsUpdateTimeLimit:5.0]]
[2023.03.09-10.58.01:511][  0]LogConfig: Setting CVar [[s.PriorityLevelStreamingActorsUpdateExtraTime:5.0]]
[2023.03.09-10.58.01:511][  0]LogConfig: Setting CVar [[s.LevelStreamingComponentsRegistrationGranularity:10]]
[2023.03.09-10.58.01:511][  0]LogConfig: Setting CVar [[s.UnregisterComponentsTimeLimit:1.0]]
[2023.03.09-10.58.01:512][  0]LogConfig: Setting CVar [[s.LevelStreamingComponentsUnregistrationGranularity:5]]
[2023.03.09-10.58.01:512][  0]LogConfig: Setting CVar [[s.FlushStreamingOnExit:1]]
[2023.03.09-10.58.01:512][  0]LogConfig: Applying CVar settings from Section [/Script/Engine.GarbageCollectionSettings] File [D:/GhostGangHotel/GhostGang/Saved/Config/Windows/Engine.ini]
[2023.03.09-10.58.01:512][  0]LogConfig: Setting CVar [[gc.MaxObjectsNotConsideredByGC:1]]
[2023.03.09-10.58.01:512][  0]LogConfig: Setting CVar [[gc.SizeOfPermanentObjectPool:0]]
[2023.03.09-10.58.01:512][  0]LogConfig: Setting CVar [[gc.FlushStreamingOnGC:0]]
[2023.03.09-10.58.01:512][  0]LogConfig: Setting CVar [[gc.NumRetriesBeforeForcingGC:10]]
[2023.03.09-10.58.01:512][  0]LogConfig: Setting CVar [[gc.AllowParallelGC:1]]
[2023.03.09-10.58.01:512][  0]LogConfig: Setting CVar [[gc.TimeBetweenPurgingPendingKillObjects:61.1]]
[2023.03.09-10.58.01:512][  0]LogConfig: Setting CVar [[gc.MaxObjectsInEditor:25165824]]
[2023.03.09-10.58.01:512][  0]LogConfig: Setting CVar [[gc.IncrementalBeginDestroyEnabled:1]]
[2023.03.09-10.58.01:512][  0]LogConfig: Setting CVar [[gc.CreateGCClusters:1]]
[2023.03.09-10.58.01:512][  0]LogConfig: Setting CVar [[gc.MinGCClusterSize:5]]
[2023.03.09-10.58.01:512][  0]LogConfig: Setting CVar [[gc.ActorClusteringEnabled:0]]
[2023.03.09-10.58.01:512][  0]LogConfig: Setting CVar [[gc.BlueprintClusteringEnabled:0]]
[2023.03.09-10.58.01:512][  0]LogConfig: Setting CVar [[gc.UseDisregardForGCOnDedicatedServers:0]]
[2023.03.09-10.58.01:512][  0]LogConfig: Setting CVar [[gc.MultithreadedDestructionEnabled:1]]
[2023.03.09-10.58.01:512][  0]LogConfig: Applying CVar settings from Section [/Script/Engine.NetworkSettings] File [D:/GhostGangHotel/GhostGang/Saved/Config/Windows/Engine.ini]
[2023.03.09-10.58.01:512][  0]LogConfig: Applying CVar settings from Section [/Script/UnrealEd.CookerSettings] File [D:/GhostGangHotel/GhostGang/Saved/Config/Windows/Engine.ini]
[2023.03.09-10.58.01:522][  0]LogConfig: Applying CVar settings from Section [ViewDistanceQuality@3] File [D:/GhostGangHotel/GhostGang/Saved/Config/Windows/Scalability.ini]
[2023.03.09-10.58.01:522][  0]LogConfig: Setting CVar [[r.SkeletalMeshLODBias:0]]
[2023.03.09-10.58.01:522][  0]LogConfig: Setting CVar [[r.ViewDistanceScale:1.0]]
[2023.03.09-10.58.01:522][  0]LogConfig: Applying CVar settings from Section [AntiAliasingQuality@3] File [D:/GhostGangHotel/GhostGang/Saved/Config/Windows/Scalability.ini]
[2023.03.09-10.58.01:522][  0]LogConfig: Setting CVar [[r.PostProcessAAQuality:4]]
[2023.03.09-10.58.01:522][  0]LogConfig: Applying CVar settings from Section [ShadowQuality@3] File [D:/GhostGangHotel/GhostGang/Saved/Config/Windows/Scalability.ini]
[2023.03.09-10.58.01:522][  0]LogConfig: Setting CVar [[r.LightFunctionQuality:1]]
[2023.03.09-10.58.01:522][  0]LogConfig: Setting CVar [[r.ShadowQuality:5]]
[2023.03.09-10.58.01:522][  0]LogConfig: Setting CVar [[r.Shadow.CSM.MaxCascades:10]]
[2023.03.09-10.58.01:522][  0]LogConfig: Setting CVar [[r.Shadow.MaxResolution:2048]]
[2023.03.09-10.58.01:522][  0]LogConfig: Setting CVar [[r.Shadow.MaxCSMResolution:2048]]
[2023.03.09-10.58.01:522][  0]LogConfig: Setting CVar [[r.Shadow.RadiusThreshold:0.01]]
[2023.03.09-10.58.01:522][  0]LogConfig: Setting CVar [[r.Shadow.DistanceScale:1.0]]
[2023.03.09-10.58.01:522][  0]LogConfig: Setting CVar [[r.Shadow.CSM.TransitionScale:1.0]]
[2023.03.09-10.58.01:522][  0]LogConfig: Setting CVar [[r.Shadow.PreShadowResolutionFactor:1.0]]
[2023.03.09-10.58.01:522][  0]LogConfig: Setting CVar [[r.DistanceFieldShadowing:1]]
[2023.03.09-10.58.01:522][  0]LogConfig: Setting CVar [[r.DistanceFieldAO:1]]
[2023.03.09-10.58.01:522][  0]LogConfig: Setting CVar [[r.AOQuality:2]]
[2023.03.09-10.58.01:522][  0]LogConfig: Setting CVar [[r.VolumetricFog:1]]
[2023.03.09-10.58.01:522][  0]LogConfig: Setting CVar [[r.VolumetricFog.GridPixelSize:8]]
[2023.03.09-10.58.01:522][  0]LogConfig: Setting CVar [[r.VolumetricFog.GridSizeZ:128]]
[2023.03.09-10.58.01:522][  0]LogConfig: Setting CVar [[r.VolumetricFog.HistoryMissSupersampleCount:4]]
[2023.03.09-10.58.01:522][  0]LogConfig: Setting CVar [[r.LightMaxDrawDistanceScale:1]]
[2023.03.09-10.58.01:522][  0]LogConfig: Setting CVar [[r.CapsuleShadows:1]]
[2023.03.09-10.58.01:522][  0]LogConfig: Applying CVar settings from Section [PostProcessQuality@3] File [D:/GhostGangHotel/GhostGang/Saved/Config/Windows/Scalability.ini]
[2023.03.09-10.58.01:522][  0]LogConfig: Setting CVar [[r.MotionBlurQuality:4]]
[2023.03.09-10.58.01:522][  0]LogConfig: Setting CVar [[r.AmbientOcclusionMipLevelFactor:0.4]]
[2023.03.09-10.58.01:522][  0]LogConfig: Setting CVar [[r.AmbientOcclusionMaxQuality:100]]
[2023.03.09-10.58.01:522][  0]LogConfig: Setting CVar [[r.AmbientOcclusionLevels:-1]]
[2023.03.09-10.58.01:522][  0]LogConfig: Setting CVar [[r.AmbientOcclusionRadiusScale:1.0]]
[2023.03.09-10.58.01:522][  0]LogConfig: Setting CVar [[r.DepthOfFieldQuality:2]]
[2023.03.09-10.58.01:522][  0]LogConfig: Setting CVar [[r.RenderTargetPoolMin:400]]
[2023.03.09-10.58.01:522][  0]LogConfig: Setting CVar [[r.LensFlareQuality:2]]
[2023.03.09-10.58.01:522][  0]LogConfig: Setting CVar [[r.SceneColorFringeQuality:1]]
[2023.03.09-10.58.01:522][  0]LogConfig: Setting CVar [[r.EyeAdaptationQuality:2]]
[2023.03.09-10.58.01:522][  0]LogConfig: Setting CVar [[r.BloomQuality:5]]
[2023.03.09-10.58.01:522][  0]LogConfig: Setting CVar [[r.FastBlurThreshold:100]]
[2023.03.09-10.58.01:522][  0]LogConfig: Setting CVar [[r.Upscale.Quality:3]]
[2023.03.09-10.58.01:522][  0]LogConfig: Setting CVar [[r.Tonemapper.GrainQuantization:1]]
[2023.03.09-10.58.01:522][  0]LogConfig: Setting CVar [[r.LightShaftQuality:1]]
[2023.03.09-10.58.01:522][  0]LogConfig: Setting CVar [[r.Filter.SizeScale:1]]
[2023.03.09-10.58.01:522][  0]LogConfig: Setting CVar [[r.Tonemapper.Quality:5]]
[2023.03.09-10.58.01:523][  0]LogConfig: Setting CVar [[r.DOF.Gather.AccumulatorQuality:1        ; higher gathering accumulator quality]]
[2023.03.09-10.58.01:523][  0]LogConfig: Setting CVar [[r.DOF.Gather.PostfilterMethod:1          ; Median3x3 postfilering method]]
[2023.03.09-10.58.01:523][  0]LogConfig: Setting CVar [[r.DOF.Gather.EnableBokehSettings:0       ; no bokeh simulation when gathering]]
[2023.03.09-10.58.01:523][  0]LogConfig: Setting CVar [[r.DOF.Gather.RingCount:4                 ; medium number of samples when gathering]]
[2023.03.09-10.58.01:523][  0]LogConfig: Setting CVar [[r.DOF.Scatter.ForegroundCompositing:1    ; additive foreground scattering]]
[2023.03.09-10.58.01:523][  0]LogConfig: Setting CVar [[r.DOF.Scatter.BackgroundCompositing:2    ; additive background scattering]]
[2023.03.09-10.58.01:523][  0]LogConfig: Setting CVar [[r.DOF.Scatter.EnableBokehSettings:1      ; bokeh simulation when scattering]]
[2023.03.09-10.58.01:523][  0]LogConfig: Setting CVar [[r.DOF.Scatter.MaxSpriteRatio:0.1         ; only a maximum of 10% of scattered bokeh]]
[2023.03.09-10.58.01:523][  0]LogConfig: Setting CVar [[r.DOF.Recombine.Quality:1                ; cheap slight out of focus]]
[2023.03.09-10.58.01:523][  0]LogConfig: Setting CVar [[r.DOF.Recombine.EnableBokehSettings:0    ; no bokeh simulation on slight out of focus]]
[2023.03.09-10.58.01:523][  0]LogConfig: Setting CVar [[r.DOF.TemporalAAQuality:1                ; more stable temporal accumulation]]
[2023.03.09-10.58.01:523][  0]LogConfig: Setting CVar [[r.DOF.Kernel.MaxForegroundRadius:0.025]]
[2023.03.09-10.58.01:523][  0]LogConfig: Setting CVar [[r.DOF.Kernel.MaxBackgroundRadius:0.025]]
[2023.03.09-10.58.01:523][  0]LogConfig: Applying CVar settings from Section [TextureQuality@3] File [D:/GhostGangHotel/GhostGang/Saved/Config/Windows/Scalability.ini]
[2023.03.09-10.58.01:523][  0]LogConfig: Setting CVar [[r.Streaming.MipBias:0]]
[2023.03.09-10.58.01:523][  0]LogConfig: Setting CVar [[r.Streaming.AmortizeCPUToGPUCopy:0]]
[2023.03.09-10.58.01:523][  0]LogConfig: Setting CVar [[r.Streaming.MaxNumTexturesToStreamPerFrame:0]]
[2023.03.09-10.58.01:523][  0]LogConfig: Setting CVar [[r.Streaming.Boost:1]]
[2023.03.09-10.58.01:523][  0]LogConfig: Setting CVar [[r.MaxAnisotropy:8]]
[2023.03.09-10.58.01:523][  0]LogConfig: Setting CVar [[r.VT.MaxAnisotropy:8]]
[2023.03.09-10.58.01:523][  0]LogConfig: Setting CVar [[r.Streaming.LimitPoolSizeToVRAM:0]]
[2023.03.09-10.58.01:523][  0]LogConfig: Setting CVar [[r.Streaming.PoolSize:1000]]
[2023.03.09-10.58.01:523][  0]LogConfig: Setting CVar [[r.Streaming.MaxEffectiveScreenSize:0]]
[2023.03.09-10.58.01:523][  0]LogConfig: Applying CVar settings from Section [EffectsQuality@3] File [D:/GhostGangHotel/GhostGang/Saved/Config/Windows/Scalability.ini]
[2023.03.09-10.58.01:523][  0]LogConfig: Setting CVar [[r.TranslucencyLightingVolumeDim:64]]
[2023.03.09-10.58.01:523][  0]LogConfig: Setting CVar [[r.RefractionQuality:2]]
[2023.03.09-10.58.01:523][  0]LogConfig: Setting CVar [[r.SSR.Quality:3]]
[2023.03.09-10.58.01:523][  0]LogConfig: Setting CVar [[r.SSR.HalfResSceneColor:0]]
[2023.03.09-10.58.01:523][  0]LogConfig: Setting CVar [[r.SceneColorFormat:4]]
[2023.03.09-10.58.01:523][  0]LogConfig: Setting CVar [[r.DetailMode:2]]
[2023.03.09-10.58.01:523][  0]LogConfig: Setting CVar [[r.TranslucencyVolumeBlur:1]]
[2023.03.09-10.58.01:523][  0]LogConfig: Setting CVar [[r.MaterialQualityLevel:1 ; High quality]]
[2023.03.09-10.58.01:523][  0]LogConfig: Setting CVar [[r.AnisotropicMaterials:1]]
[2023.03.09-10.58.01:523][  0]LogConfig: Setting CVar [[r.SSS.Scale:1]]
[2023.03.09-10.58.01:523][  0]LogConfig: Setting CVar [[r.SSS.SampleSet:2]]
[2023.03.09-10.58.01:523][  0]LogConfig: Setting CVar [[r.SSS.Quality:1]]
[2023.03.09-10.58.01:523][  0]LogConfig: Setting CVar [[r.SSS.HalfRes:0]]
[2023.03.09-10.58.01:523][  0]LogConfig: Setting CVar [[r.SSGI.Quality:3]]
[2023.03.09-10.58.01:523][  0]LogConfig: Setting CVar [[r.EmitterSpawnRateScale:1.0]]
[2023.03.09-10.58.01:523][  0]LogConfig: Setting CVar [[r.ParticleLightQuality:2]]
[2023.03.09-10.58.01:523][  0]LogConfig: Setting CVar [[r.SkyAtmosphere.AerialPerspectiveLUT.FastApplyOnOpaque:1 ; Always have FastSkyLUT 1 in this case to avoid wrong sky]]
[2023.03.09-10.58.01:523][  0]LogConfig: Setting CVar [[r.SkyAtmosphere.AerialPerspectiveLUT.SampleCountMaxPerSlice:4]]
[2023.03.09-10.58.01:523][  0]LogConfig: Setting CVar [[r.SkyAtmosphere.AerialPerspectiveLUT.DepthResolution:16.0]]
[2023.03.09-10.58.01:523][  0]LogConfig: Setting CVar [[r.SkyAtmosphere.FastSkyLUT:1]]
[2023.03.09-10.58.01:523][  0]LogConfig: Setting CVar [[r.SkyAtmosphere.FastSkyLUT.SampleCountMin:4.0]]
[2023.03.09-10.58.01:523][  0]LogConfig: Setting CVar [[r.SkyAtmosphere.FastSkyLUT.SampleCountMax:128.0]]
[2023.03.09-10.58.01:523][  0]LogConfig: Setting CVar [[r.SkyAtmosphere.SampleCountMin:4.0]]
[2023.03.09-10.58.01:523][  0]LogConfig: Setting CVar [[r.SkyAtmosphere.SampleCountMax:128.0]]
[2023.03.09-10.58.01:523][  0]LogConfig: Setting CVar [[r.SkyAtmosphere.TransmittanceLUT.UseSmallFormat:0]]
[2023.03.09-10.58.01:524][  0]LogConfig: Setting CVar [[r.SkyAtmosphere.TransmittanceLUT.SampleCount:10.0]]
[2023.03.09-10.58.01:524][  0]LogConfig: Setting CVar [[r.SkyAtmosphere.MultiScatteringLUT.SampleCount:15.0]]
[2023.03.09-10.58.01:524][  0]LogConfig: Setting CVar [[r.SkyLight.RealTimeReflectionCapture:1]]
[2023.03.09-10.58.01:524][  0]LogConfig: Applying CVar settings from Section [FoliageQuality@3] File [D:/GhostGangHotel/GhostGang/Saved/Config/Windows/Scalability.ini]
[2023.03.09-10.58.01:524][  0]LogConfig: Setting CVar [[foliage.DensityScale:1.0]]
[2023.03.09-10.58.01:524][  0]LogConfig: Setting CVar [[grass.DensityScale:1.0]]
[2023.03.09-10.58.01:524][  0]LogConfig: Applying CVar settings from Section [ShadingQuality@3] File [D:/GhostGangHotel/GhostGang/Saved/Config/Windows/Scalability.ini]
[2023.03.09-10.58.01:524][  0]LogConfig: Setting CVar [[r.HairStrands.SkyLighting.IntegrationType:2]]
[2023.03.09-10.58.01:524][  0]LogConfig: Setting CVar [[r.HairStrands.SkyAO.SampleCount:4]]
[2023.03.09-10.58.01:524][  0]LogConfig: Setting CVar [[r.HairStrands.Visibility.MSAA.SamplePerPixel:4]]
[2023.03.09-10.58.01:524][  0]LogInit: Selected Device Profile: [Windows]
[2023.03.09-10.58.01:524][  0]LogInit: Applying CVar settings loaded from the selected device profile: [Windows]
[2023.03.09-10.58.01:524][  0]LogHAL: Display: Platform has ~ 14 GB [14913122304 / 17179869184 / 14], which maps to Larger [LargestMinGB=32, LargerMinGB=12, DefaultMinGB=8, SmallerMinGB=6, SmallestMinGB=0)
[2023.03.09-10.58.01:524][  0]LogInit: Going up to parent DeviceProfile []
[2023.03.09-10.58.01:524][  0]LogConfig: Applying CVar settings from Section [ViewDistanceQuality@3] File [D:/GhostGangHotel/GhostGang/Saved/Config/Windows/Scalability.ini]
[2023.03.09-10.58.01:524][  0]LogConfig: Setting CVar [[r.SkeletalMeshLODBias:0]]
[2023.03.09-10.58.01:524][  0]LogConfig: Setting CVar [[r.ViewDistanceScale:1.0]]
[2023.03.09-10.58.01:524][  0]LogConfig: Applying CVar settings from Section [AntiAliasingQuality@3] File [D:/GhostGangHotel/GhostGang/Saved/Config/Windows/Scalability.ini]
[2023.03.09-10.58.01:524][  0]LogConfig: Setting CVar [[r.PostProcessAAQuality:4]]
[2023.03.09-10.58.01:524][  0]LogConfig: Applying CVar settings from Section [ShadowQuality@3] File [D:/GhostGangHotel/GhostGang/Saved/Config/Windows/Scalability.ini]
[2023.03.09-10.58.01:524][  0]LogConfig: Setting CVar [[r.LightFunctionQuality:1]]
[2023.03.09-10.58.01:524][  0]LogConfig: Setting CVar [[r.ShadowQuality:5]]
[2023.03.09-10.58.01:524][  0]LogConfig: Setting CVar [[r.Shadow.CSM.MaxCascades:10]]
[2023.03.09-10.58.01:524][  0]LogConfig: Setting CVar [[r.Shadow.MaxResolution:2048]]
[2023.03.09-10.58.01:524][  0]LogConfig: Setting CVar [[r.Shadow.MaxCSMResolution:2048]]
[2023.03.09-10.58.01:524][  0]LogConfig: Setting CVar [[r.Shadow.RadiusThreshold:0.01]]
[2023.03.09-10.58.01:524][  0]LogConfig: Setting CVar [[r.Shadow.DistanceScale:1.0]]
[2023.03.09-10.58.01:524][  0]LogConfig: Setting CVar [[r.Shadow.CSM.TransitionScale:1.0]]
[2023.03.09-10.58.01:524][  0]LogConfig: Setting CVar [[r.Shadow.PreShadowResolutionFactor:1.0]]
[2023.03.09-10.58.01:524][  0]LogConfig: Setting CVar [[r.DistanceFieldShadowing:1]]
[2023.03.09-10.58.01:524][  0]LogConfig: Setting CVar [[r.DistanceFieldAO:1]]
[2023.03.09-10.58.01:524][  0]LogConfig: Setting CVar [[r.AOQuality:2]]
[2023.03.09-10.58.01:524][  0]LogConfig: Setting CVar [[r.VolumetricFog:1]]
[2023.03.09-10.58.01:524][  0]LogConfig: Setting CVar [[r.VolumetricFog.GridPixelSize:8]]
[2023.03.09-10.58.01:524][  0]LogConfig: Setting CVar [[r.VolumetricFog.GridSizeZ:128]]
[2023.03.09-10.58.01:524][  0]LogConfig: Setting CVar [[r.VolumetricFog.HistoryMissSupersampleCount:4]]
[2023.03.09-10.58.01:524][  0]LogConfig: Setting CVar [[r.LightMaxDrawDistanceScale:1]]
[2023.03.09-10.58.01:524][  0]LogConfig: Setting CVar [[r.CapsuleShadows:1]]
[2023.03.09-10.58.01:524][  0]LogConfig: Applying CVar settings from Section [PostProcessQuality@3] File [D:/GhostGangHotel/GhostGang/Saved/Config/Windows/Scalability.ini]
[2023.03.09-10.58.01:525][  0]LogConfig: Setting CVar [[r.MotionBlurQuality:4]]
[2023.03.09-10.58.01:525][  0]LogConfig: Setting CVar [[r.AmbientOcclusionMipLevelFactor:0.4]]
[2023.03.09-10.58.01:525][  0]LogConfig: Setting CVar [[r.AmbientOcclusionMaxQuality:100]]
[2023.03.09-10.58.01:525][  0]LogConfig: Setting CVar [[r.AmbientOcclusionLevels:-1]]
[2023.03.09-10.58.01:525][  0]LogConfig: Setting CVar [[r.AmbientOcclusionRadiusScale:1.0]]
[2023.03.09-10.58.01:525][  0]LogConfig: Setting CVar [[r.DepthOfFieldQuality:2]]
[2023.03.09-10.58.01:525][  0]LogConfig: Setting CVar [[r.RenderTargetPoolMin:400]]
[2023.03.09-10.58.01:525][  0]LogConfig: Setting CVar [[r.LensFlareQuality:2]]
[2023.03.09-10.58.01:525][  0]LogConfig: Setting CVar [[r.SceneColorFringeQuality:1]]
[2023.03.09-10.58.01:525][  0]LogConfig: Setting CVar [[r.EyeAdaptationQuality:2]]
[2023.03.09-10.58.01:525][  0]LogConfig: Setting CVar [[r.BloomQuality:5]]
[2023.03.09-10.58.01:525][  0]LogConfig: Setting CVar [[r.FastBlurThreshold:100]]
[2023.03.09-10.58.01:525][  0]LogConfig: Setting CVar [[r.Upscale.Quality:3]]
[2023.03.09-10.58.01:525][  0]LogConfig: Setting CVar [[r.Tonemapper.GrainQuantization:1]]
[2023.03.09-10.58.01:525][  0]LogConfig: Setting CVar [[r.LightShaftQuality:1]]
[2023.03.09-10.58.01:525][  0]LogConfig: Setting CVar [[r.Filter.SizeScale:1]]
[2023.03.09-10.58.01:525][  0]LogConfig: Setting CVar [[r.Tonemapper.Quality:5]]
[2023.03.09-10.58.01:525][  0]LogConfig: Setting CVar [[r.DOF.Gather.AccumulatorQuality:1        ; higher gathering accumulator quality]]
[2023.03.09-10.58.01:525][  0]LogConfig: Setting CVar [[r.DOF.Gather.PostfilterMethod:1          ; Median3x3 postfilering method]]
[2023.03.09-10.58.01:525][  0]LogConfig: Setting CVar [[r.DOF.Gather.EnableBokehSettings:0       ; no bokeh simulation when gathering]]
[2023.03.09-10.58.01:525][  0]LogConfig: Setting CVar [[r.DOF.Gather.RingCount:4                 ; medium number of samples when gathering]]
[2023.03.09-10.58.01:525][  0]LogConfig: Setting CVar [[r.DOF.Scatter.ForegroundCompositing:1    ; additive foreground scattering]]
[2023.03.09-10.58.01:525][  0]LogConfig: Setting CVar [[r.DOF.Scatter.BackgroundCompositing:2    ; additive background scattering]]
[2023.03.09-10.58.01:525][  0]LogConfig: Setting CVar [[r.DOF.Scatter.EnableBokehSettings:1      ; bokeh simulation when scattering]]
[2023.03.09-10.58.01:525][  0]LogConfig: Setting CVar [[r.DOF.Scatter.MaxSpriteRatio:0.1         ; only a maximum of 10% of scattered bokeh]]
[2023.03.09-10.58.01:525][  0]LogConfig: Setting CVar [[r.DOF.Recombine.Quality:1                ; cheap slight out of focus]]
[2023.03.09-10.58.01:525][  0]LogConfig: Setting CVar [[r.DOF.Recombine.EnableBokehSettings:0    ; no bokeh simulation on slight out of focus]]
[2023.03.09-10.58.01:525][  0]LogConfig: Setting CVar [[r.DOF.TemporalAAQuality:1                ; more stable temporal accumulation]]
[2023.03.09-10.58.01:525][  0]LogConfig: Setting CVar [[r.DOF.Kernel.MaxForegroundRadius:0.025]]
[2023.03.09-10.58.01:525][  0]LogConfig: Setting CVar [[r.DOF.Kernel.MaxBackgroundRadius:0.025]]
[2023.03.09-10.58.01:525][  0]LogConfig: Applying CVar settings from Section [TextureQuality@3] File [D:/GhostGangHotel/GhostGang/Saved/Config/Windows/Scalability.ini]
[2023.03.09-10.58.01:525][  0]LogConfig: Setting CVar [[r.Streaming.MipBias:0]]
[2023.03.09-10.58.01:525][  0]LogConfig: Setting CVar [[r.Streaming.AmortizeCPUToGPUCopy:0]]
[2023.03.09-10.58.01:525][  0]LogConfig: Setting CVar [[r.Streaming.MaxNumTexturesToStreamPerFrame:0]]
[2023.03.09-10.58.01:525][  0]LogConfig: Setting CVar [[r.Streaming.Boost:1]]
[2023.03.09-10.58.01:525][  0]LogConfig: Setting CVar [[r.MaxAnisotropy:8]]
[2023.03.09-10.58.01:525][  0]LogConfig: Setting CVar [[r.VT.MaxAnisotropy:8]]
[2023.03.09-10.58.01:525][  0]LogConfig: Setting CVar [[r.Streaming.LimitPoolSizeToVRAM:0]]
[2023.03.09-10.58.01:525][  0]LogConfig: Setting CVar [[r.Streaming.PoolSize:1000]]
[2023.03.09-10.58.01:525][  0]LogConfig: Setting CVar [[r.Streaming.MaxEffectiveScreenSize:0]]
[2023.03.09-10.58.01:525][  0]LogConfig: Applying CVar settings from Section [EffectsQuality@3] File [D:/GhostGangHotel/GhostGang/Saved/Config/Windows/Scalability.ini]
[2023.03.09-10.58.01:525][  0]LogConfig: Setting CVar [[r.TranslucencyLightingVolumeDim:64]]
[2023.03.09-10.58.01:525][  0]LogConfig: Setting CVar [[r.RefractionQuality:2]]
[2023.03.09-10.58.01:525][  0]LogConfig: Setting CVar [[r.SSR.Quality:3]]
[2023.03.09-10.58.01:525][  0]LogConfig: Setting CVar [[r.SSR.HalfResSceneColor:0]]
[2023.03.09-10.58.01:525][  0]LogConfig: Setting CVar [[r.SceneColorFormat:4]]
[2023.03.09-10.58.01:525][  0]LogConfig: Setting CVar [[r.DetailMode:2]]
[2023.03.09-10.58.01:525][  0]LogConfig: Setting CVar [[r.TranslucencyVolumeBlur:1]]
[2023.03.09-10.58.01:526][  0]LogConfig: Setting CVar [[r.MaterialQualityLevel:1 ; High quality]]
[2023.03.09-10.58.01:526][  0]LogConfig: Setting CVar [[r.AnisotropicMaterials:1]]
[2023.03.09-10.58.01:526][  0]LogConfig: Setting CVar [[r.SSS.Scale:1]]
[2023.03.09-10.58.01:526][  0]LogConfig: Setting CVar [[r.SSS.SampleSet:2]]
[2023.03.09-10.58.01:526][  0]LogConfig: Setting CVar [[r.SSS.Quality:1]]
[2023.03.09-10.58.01:526][  0]LogConfig: Setting CVar [[r.SSS.HalfRes:0]]
[2023.03.09-10.58.01:526][  0]LogConfig: Setting CVar [[r.SSGI.Quality:3]]
[2023.03.09-10.58.01:526][  0]LogConfig: Setting CVar [[r.EmitterSpawnRateScale:1.0]]
[2023.03.09-10.58.01:526][  0]LogConfig: Setting CVar [[r.ParticleLightQuality:2]]
[2023.03.09-10.58.01:526][  0]LogConfig: Setting CVar [[r.SkyAtmosphere.AerialPerspectiveLUT.FastApplyOnOpaque:1 ; Always have FastSkyLUT 1 in this case to avoid wrong sky]]
[2023.03.09-10.58.01:526][  0]LogConfig: Setting CVar [[r.SkyAtmosphere.AerialPerspectiveLUT.SampleCountMaxPerSlice:4]]
[2023.03.09-10.58.01:526][  0]LogConfig: Setting CVar [[r.SkyAtmosphere.AerialPerspectiveLUT.DepthResolution:16.0]]
[2023.03.09-10.58.01:526][  0]LogConfig: Setting CVar [[r.SkyAtmosphere.FastSkyLUT:1]]
[2023.03.09-10.58.01:526][  0]LogConfig: Setting CVar [[r.SkyAtmosphere.FastSkyLUT.SampleCountMin:4.0]]
[2023.03.09-10.58.01:526][  0]LogConfig: Setting CVar [[r.SkyAtmosphere.FastSkyLUT.SampleCountMax:128.0]]
[2023.03.09-10.58.01:526][  0]LogConfig: Setting CVar [[r.SkyAtmosphere.SampleCountMin:4.0]]
[2023.03.09-10.58.01:526][  0]LogConfig: Setting CVar [[r.SkyAtmosphere.SampleCountMax:128.0]]
[2023.03.09-10.58.01:526][  0]LogConfig: Setting CVar [[r.SkyAtmosphere.TransmittanceLUT.UseSmallFormat:0]]
[2023.03.09-10.58.01:526][  0]LogConfig: Setting CVar [[r.SkyAtmosphere.TransmittanceLUT.SampleCount:10.0]]
[2023.03.09-10.58.01:526][  0]LogConfig: Setting CVar [[r.SkyAtmosphere.MultiScatteringLUT.SampleCount:15.0]]
[2023.03.09-10.58.01:526][  0]LogConfig: Setting CVar [[r.SkyLight.RealTimeReflectionCapture:1]]
[2023.03.09-10.58.01:526][  0]LogConfig: Applying CVar settings from Section [FoliageQuality@3] File [D:/GhostGangHotel/GhostGang/Saved/Config/Windows/Scalability.ini]
[2023.03.09-10.58.01:526][  0]LogConfig: Setting CVar [[foliage.DensityScale:1.0]]
[2023.03.09-10.58.01:526][  0]LogConfig: Setting CVar [[grass.DensityScale:1.0]]
[2023.03.09-10.58.01:526][  0]LogConfig: Applying CVar settings from Section [ShadingQuality@3] File [D:/GhostGangHotel/GhostGang/Saved/Config/Windows/Scalability.ini]
[2023.03.09-10.58.01:526][  0]LogConfig: Setting CVar [[r.HairStrands.SkyLighting.IntegrationType:2]]
[2023.03.09-10.58.01:526][  0]LogConfig: Setting CVar [[r.HairStrands.SkyAO.SampleCount:4]]
[2023.03.09-10.58.01:526][  0]LogConfig: Setting CVar [[r.HairStrands.Visibility.MSAA.SamplePerPixel:4]]
[2023.03.09-10.58.01:526][  0]LogConfig: Applying CVar settings from Section [Startup] File [../../../Engine/Config/ConsoleVariables.ini]
[2023.03.09-10.58.01:527][  0]LogConfig: Setting CVar [[net.UseAdaptiveNetUpdateFrequency:0]]
[2023.03.09-10.58.01:527][  0]LogConfig: Setting CVar [[p.chaos.AllowCreatePhysxBodies:1]]
[2023.03.09-10.58.01:527][  0]LogConfig: Setting CVar [[fx.SkipVectorVMBackendOptimizations:1]]
[2023.03.09-10.58.01:527][  0]LogConfig: Applying CVar settings from Section [ConsoleVariables] File [D:/GhostGangHotel/GhostGang/Saved/Config/Windows/Engine.ini]
[2023.03.09-10.58.01:527][  0]LogConfig: Applying CVar settings from Section [ConsoleVariables] File [D:/GhostGangHotel/GhostGang/Saved/Config/Windows/Editor.ini]
[2023.03.09-10.58.01:527][  0]LogInit: Computer: DESKTOP-S4OV2M6
[2023.03.09-10.58.01:527][  0]LogInit: User: albee
[2023.03.09-10.58.01:527][  0]LogInit: CPU Page size=4096, Cores=2
[2023.03.09-10.58.01:527][  0]LogInit: High frequency timer resolution =10.000000 MHz
[2023.03.09-10.58.01:527][  0]LogMemory: Memory total: Physical=13.9GB (14GB approx)
[2023.03.09-10.58.01:527][  0]LogMemory: Platform Memory Stats for Windows
[2023.03.09-10.58.01:527][  0]LogMemory: Process Physical Memory: 147.95 MB used, 147.95 MB peak
[2023.03.09-10.58.01:527][  0]LogMemory: Process Virtual Memory: 121.12 MB used, 121.12 MB peak
[2023.03.09-10.58.01:527][  0]LogMemory: Physical Memory: 6065.93 MB used,  8156.34 MB free, 14222.26 MB total
[2023.03.09-10.58.01:527][  0]LogMemory: Virtual Memory: 134210936.00 MB used,  6791.02 MB free, 134217728.00 MB total
[2023.03.09-10.58.01:541][  0]LogWindows: WindowsPlatformFeatures enabled
[2023.03.09-10.58.01:600][  0]LogInit: Physics initialised using underlying interface: PhysX
[2023.03.09-10.58.01:601][  0]LogInit: Using OS detected language (en-US).
[2023.03.09-10.58.01:601][  0]LogInit: Using OS detected locale (en-GB).
[2023.03.09-10.58.01:605][  0]LogTextLocalizationManager: No specific localization for 'en-US' exists, so the 'en' localization will be used.
[2023.03.09-10.58.02:514][  0]LogWindowsTextInputMethodSystem: Display: IME system deactivated.
[2023.03.09-10.58.02:565][  0]LogSlate: New Slate User Created.  User Index 0, Is Virtual User: 0
[2023.03.09-10.58.02:565][  0]LogSlate: Slate User Registered.  User Index 0, Is Virtual User: 0
[2023.03.09-10.58.02:598][  0]LogD3D11RHI: Loaded GFSDK_Aftermath_Lib.x64.dll
[2023.03.09-10.58.02:615][  0]LogHMD: Failed to initialize OpenVR with code 110
[2023.03.09-10.58.02:615][  0]LogD3D11RHI: D3D11 min allowed feature level: 11_0
[2023.03.09-10.58.02:615][  0]LogD3D11RHI: D3D11 max allowed feature level: 11_0
[2023.03.09-10.58.02:615][  0]LogD3D11RHI: D3D11 adapters:
[2023.03.09-10.58.02:834][  0]LogD3D11RHI:    0. 'AMD Radeon(TM) Graphics' (Feature Level 11_0)
[2023.03.09-10.58.02:834][  0]LogD3D11RHI:       2033/0/7111 MB DedicatedVideo/DedicatedSystem/SharedSystem, Outputs:1, VendorId:0x1002
[2023.03.09-10.58.02:851][  0]LogD3D11RHI:    1. 'Microsoft Basic Render Driver' (Feature Level 11_0)
[2023.03.09-10.58.02:851][  0]LogD3D11RHI:       0/0/7111 MB DedicatedVideo/DedicatedSystem/SharedSystem, Outputs:0, VendorId:0x1414
[2023.03.09-10.58.02:851][  0]LogD3D11RHI: Chosen D3D11 Adapter:
[2023.03.09-10.58.02:851][  0]LogD3D11RHI:     Description : AMD Radeon(TM) Graphics
[2023.03.09-10.58.02:851][  0]LogD3D11RHI:     VendorId    : 1002
[2023.03.09-10.58.02:851][  0]LogD3D11RHI:     DeviceId    : 15d8
[2023.03.09-10.58.02:851][  0]LogD3D11RHI:     SubSysId    : a121028
[2023.03.09-10.58.02:851][  0]LogD3D11RHI:     Revision    : 00ce
[2023.03.09-10.58.02:851][  0]LogD3D11RHI:     DedicatedVideoMemory : 2132467712 bytes
[2023.03.09-10.58.02:851][  0]LogD3D11RHI:     DedicatedSystemMemory : 0 bytes
[2023.03.09-10.58.02:851][  0]LogD3D11RHI:     SharedSystemMemory : 7456561152 bytes
[2023.03.09-10.58.02:851][  0]LogD3D11RHI:     AdapterLuid : 0 54387
[2023.03.09-10.58.02:877][  0]LogD3D11RHI: Creating new Direct3DDevice
[2023.03.09-10.58.02:879][  0]LogD3D11RHI:     GPU DeviceId: 0x15d8 (for the marketing name, search the web for "GPU Device Id")
[2023.03.09-10.58.02:879][  0]LogWindows: EnumDisplayDevices:
[2023.03.09-10.58.02:881][  0]LogWindows:    0. 'AMD Radeon(TM) Graphics' (P:1 D:1)
[2023.03.09-10.58.02:882][  0]LogWindows:    1. 'AMD Radeon(TM) Graphics' (P:0 D:0)
[2023.03.09-10.58.02:883][  0]LogWindows:    2. 'AMD Radeon(TM) Graphics' (P:0 D:0)
[2023.03.09-10.58.02:886][  0]LogWindows:    3. 'AMD Radeon(TM) Graphics' (P:0 D:0)
[2023.03.09-10.58.02:887][  0]LogWindows: DebugString: FoundDriverCount:4 
[2023.03.09-10.58.02:887][  0]LogD3D11RHI:     Adapter Name: AMD Radeon(TM) Graphics
[2023.03.09-10.58.02:887][  0]LogD3D11RHI:   Driver Version: AMD Software: Adrenalin Edition 22.20.28 (internal:31.0.12028.2, unified:31.0.12028.2)
[2023.03.09-10.58.02:887][  0]LogD3D11RHI:      Driver Date: 8-30-2022
[2023.03.09-10.58.02:887][  0]LogRHI: Texture pool is 5902 MB (70% of 8431 MB)
[2023.03.09-10.58.02:958][  0]LogD3D11RHI: Creating D3DDevice with AMD AGS, using adapter:
[2023.03.09-10.58.02:958][  0]LogD3D11RHI:     Description : AMD Radeon(TM) Graphics
[2023.03.09-10.58.02:958][  0]LogD3D11RHI:     VendorId    : 1002
[2023.03.09-10.58.02:958][  0]LogD3D11RHI:     DeviceId    : 15d8
[2023.03.09-10.58.02:958][  0]LogD3D11RHI:     SubSysId    : a121028
[2023.03.09-10.58.02:958][  0]LogD3D11RHI:     Revision    : 00ce
[2023.03.09-10.58.02:958][  0]LogD3D11RHI:     DedicatedVideoMemory : 2132467712 bytes
[2023.03.09-10.58.02:958][  0]LogD3D11RHI:     DedicatedSystemMemory : 0 bytes
[2023.03.09-10.58.02:958][  0]LogD3D11RHI:     SharedSystemMemory : 7456561152 bytes
[2023.03.09-10.58.02:958][  0]LogD3D11RHI:     AdapterLuid : 0 54387
[2023.03.09-10.58.03:150][  0]LogD3D11RHI: Created device via AGS, feature level 11_0, supported extensions 1fffffbf.
[2023.03.09-10.58.03:150][  0]LogD3D11RHI: RHI has support for 64 bit atomics
[2023.03.09-10.58.03:150][  0]LogD3D11RHI: Async texture creation enabled
[2023.03.09-10.58.03:150][  0]LogD3D11RHI: Array index from any shader is supported
[2023.03.09-10.58.03:194][  0]LogD3D11RHI: GPU Timing Frequency: 25.000000 (Debug: 2 1)
[2023.03.09-10.58.04:798][  0]LogTargetPlatformManager: Display: Loaded TargetPlatform 'WindowsNoEditor'
[2023.03.09-10.58.04:817][  0]LogTargetPlatformManager: Display: Loaded TargetPlatform 'Windows'
[2023.03.09-10.58.04:834][  0]LogTargetPlatformManager: Display: Loaded TargetPlatform 'WindowsClient'
[2023.03.09-10.58.04:851][  0]LogTargetPlatformManager: Display: Loaded TargetPlatform 'WindowsServer'
[2023.03.09-10.58.04:851][  0]LogTargetPlatformManager: Display: Building Assets For Windows
[2023.03.09-10.58.04:882][  0]LogAudioDebug: Display: Lib vorbis DLL was dynamically loaded.
[2023.03.09-10.58.05:013][  0]LogTextureFormatOodle: Display: Oodle Texture 2.9.0 init RDO Off
[2023.03.09-10.58.05:137][  0]LogRendererCore: Ray tracing is disabled. Reason: r.RayTracing=0.
[2023.03.09-10.58.05:138][  0]LogShaderCompilers: Guid format shader working directory is 9 characters bigger than the processId version (../../../../GhostGangHotel/GhostGang/Intermediate/Shaders/WorkingDirectory/11952/).
[2023.03.09-10.58.05:138][  0]LogShaderCompilers: Cleaned the shader compiler working directory 'C:/Users/albee/AppData/Local/Temp/UnrealShaderWorkingDir/569CCFB741F7C903EA616D9CE30E7FFD/'.
[2023.03.09-10.58.05:139][  0]LogXGEController: Cannot use XGE Controller as Incredibuild is not installed on this machine.
[2023.03.09-10.58.05:139][  0]LogShaderCompilers: Cannot use XGE Shader Compiler as Incredibuild is not installed on this machine.
[2023.03.09-10.58.05:139][  0]LogShaderCompilers: Display: Using Local Shader Compiler.
[2023.03.09-10.58.07:617][  0]LogDerivedDataCache: Display: Max Cache Size: 512 MB
[2023.03.09-10.58.07:868][  0]LogDerivedDataCache: Loaded boot cache 0.25s 94MB C:/Users/albee/AppData/Local/UnrealEngine/4.27/DerivedDataCache/Boot.ddc.
[2023.03.09-10.58.07:868][  0]LogDerivedDataCache: Display: Loaded Boot cache: C:/Users/albee/AppData/Local/UnrealEngine/4.27/DerivedDataCache/Boot.ddc
[2023.03.09-10.58.07:868][  0]LogDerivedDataCache: FDerivedDataBackendGraph:  Pak pak cache file ../../../../GhostGangHotel/GhostGang/DerivedDataCache/DDC.ddp not found, will not use a pak cache.
[2023.03.09-10.58.07:868][  0]LogDerivedDataCache: Unable to find inner node Pak for hierarchical cache Hierarchy.
[2023.03.09-10.58.07:868][  0]LogDerivedDataCache: FDerivedDataBackendGraph:  CompressedPak pak cache file ../../../../GhostGangHotel/GhostGang/DerivedDataCache/Compressed.ddp not found, will not use a pak cache.
[2023.03.09-10.58.07:868][  0]LogDerivedDataCache: Unable to find inner node CompressedPak for hierarchical cache Hierarchy.
[2023.03.09-10.58.07:903][  0]LogDerivedDataCache: Display: Pak cache opened for reading ../../../Engine/DerivedDataCache/Compressed.ddp.
[2023.03.09-10.58.07:903][  0]LogDerivedDataCache: FDerivedDataBackendGraph:  EnterprisePak pak cache file ../../../Enterprise/DerivedDataCache/Compressed.ddp not found, will not use a pak cache.
[2023.03.09-10.58.07:903][  0]LogDerivedDataCache: Unable to find inner node EnterprisePak for hierarchical cache Hierarchy.
[2023.03.09-10.58.07:943][  0]LogDerivedDataCache: Speed tests for C:/Users/albee/AppData/Local/UnrealEngine/Common/DerivedDataCache took 0.04 seconds
[2023.03.09-10.58.07:943][  0]LogDerivedDataCache: Display: Performance to C:/Users/albee/AppData/Local/UnrealEngine/Common/DerivedDataCache: Latency=0.22ms. RandomReadSpeed=460.51MBs, RandomWriteSpeed=26.20MBs. Assigned SpeedClass 'Local'
[2023.03.09-10.58.07:950][  0]LogDerivedDataCache: Using Local data cache path C:/Users/albee/AppData/Local/UnrealEngine/Common/DerivedDataCache: Writable
[2023.03.09-10.58.07:951][  0]LogDerivedDataCache: Shared data cache path not found in *engine.ini, will not use an Shared cache.
[2023.03.09-10.58.07:951][  0]LogDerivedDataCache: Unable to find inner node Shared for hierarchical cache Hierarchy.
[2023.03.09-10.58.08:079][  0]LogSlate: Using FreeType 2.10.0
[2023.03.09-10.58.08:080][  0]LogSlate: SlateFontServices - WITH_FREETYPE: 1, WITH_HARFBUZZ: 1
[2023.03.09-10.58.08:328][  0]LogInit: Using OS detected language (en-US).
[2023.03.09-10.58.08:329][  0]LogInit: Using OS detected locale (en-GB).
[2023.03.09-10.58.08:329][  0]LogTextLocalizationManager: No localization for 'en-US' exists, so 'en' will be used for the language.
[2023.03.09-10.58.08:329][  0]LogTextLocalizationManager: No localization for 'en-GB' exists, so 'en' will be used for the locale.
[2023.03.09-10.58.08:329][  0]LogSlate: FontCache flush requested. Reason: Culture for localization was changed
[2023.03.09-10.58.08:329][  0]LogSlate: FontCache flush requested. Reason: Culture for localization was changed
[2023.03.09-10.58.08:352][  0]LogTextLocalizationManager: Compacting localization data took   0.02ms
[2023.03.09-10.58.08:352][  0]LogAssetRegistry: FAssetRegistry took 0.0075 seconds to start up
[2023.03.09-10.58.08:830][  0]LogPackageLocalizationCache: Processed 28 localized package path(s) for 1 prioritized culture(s) in 0.003163 seconds
[2023.03.09-10.58.08:987][  0]LogInit: Selected Device Profile: [Windows]
[2023.03.09-10.58.08:987][  0]LogInit: Active device profile: [000002E2730F5F00][000002E26AD4CF00 49] Windows
[2023.03.09-10.58.08:987][  0]LogInit: Profiles: [000002E2730F5F00][000002E26AD4CF00 49] Windows, [000002E2730B5D00][000002E26AB51080 49] WindowsNoEditor, [000002E2730F6100][000002E26AB55200 49] WindowsServer, [000002E2730B6200][000002E26AB59380 49] WindowsClient, [000002E2730F6700][000002E26AB5D500 49] IOS, [000002E2730B6800][000002E26AB61680 49] iPadAir, [000002E2730F6C00][000002E26AB65800 49] iPadAir2, [000002E27306A200][000002E26AB69A40 49] IPadPro, [000002E27306A300][000002E26AB4DA80 49] iPadAir3, [000002E2730F5600][000002E26AB6DBC0 49] iPadAir4, [000002E27306BE00][000002E26A524180 49] iPadMini2, [000002E2730F7A00][000002E26A52C300 49] iPadMini3, [000002E273069200][000002E26A530480 49] iPadMini4, [000002E2730F4A00][000002E26A534600 49] iPadMini5, [000002E2730A1500][000002E26A53C8C0 49] iPhone6, [000002E2730A1600][000002E26A538900 49] iPodTouch6, [000002E2730B6E00][000002E26A544BC0 49] iPhone7, [000002E2730B6F00][000002E26A540C00 49] iPodTouch7, [000002E2730A3200][000002E26A548D80 49] iPhone5S, [000002E2730B4500][000002E26A54CF00 49] iPhone6Plus, [000002E2730A0D00][000002E26A551080 49] iPhone6S, [000002E2730B5B00][000002E26AC29200 49] iPhone6SPlus, [000002E2730A2D00][000002E26AC2D380 49] iPhone7Plus, [000002E2730B5000][000002E26AC31500 49] iPhoneSE, [000002E2730A3700][000002E26AC35680 49] iPhone8, [000002E2730B6000][000002E26AC39800 49] iPhone8Plus, [000002E2730A2600][000002E26AC3D980 49] iPhoneX, [000002E2730B4400][000002E26A529AC0 49] iPhoneXS, [000002E2730A3600][000002E26AC41C00 49] iPhoneXSMax, [000002E2730B6100][000002E26AC441C0 49] iPhoneXR, [000002E2730A3A00][000002E26AC48300 49] iPhone11, [000002E2730B4900][000002E26AC50480 49] iPhone11Pro, [000002E2730A1A00][000002E26AC54600 49] iPhone11ProMax, [000002E2730B7F00][000002E26AC58780 49] iPhoneSE2, [000002E2730A2C00][000002E26AC5C900 49] iPhone12Mini, [000002E2730B4200][000002E26AC60A80 49] iPhone12, [000002E2730A3800][000002E26AC64C00 49] iPhone12Pro, [000002E2730B4800][000002E26AC68D80 49] iPhone12ProMax, [000002E2730A0100][000002E26AC6CF00 49] iPadPro105, [000002E2730B5400][000002E26AC71080 49] iPadPro129, [000002E2730A2F00][000002E26AF91200 49] iPadPro97, [000002E2730B7200][000002E26AF95380 49] iPadPro2_129, [000002E27306A500][000002E26AF99500 49] iPad5, [000002E27313C200][000002E26AF9D680 49] iPad6, [000002E273068400][000002E26AFA1800 49] iPad7, [000002E2730B6600][000002E26AFA5980 49] iPad8, [000002E27306B900][000002E26AFA9B00 49] iPadPro11, [000002E2730B5F00][000002E26AFAC100 49] iPadPro2_11, [000002E27306B300][000002E26AC4C240 49] iPadPro3_129, [000002E2730B5800][000002E26AFB0380 49] iPadPro4_129, [000002E273068600][000002E26AFB44C0 49] AppleTV, [000002E2730B7800][000002E26AFBC640 49] AppleTV4K, [000002E27306AA00][000002E26AFC07C0 49] TVOS, [000002E2730B7C00][000002E26AFC4940 49] Mac, [000002E27306B100][000002E26AFC8AC0 49] MacClient, [000002E2730B7400][000002E26AFCCC40 49] MacNoEditor, [000002E273069D00][000002E26AFD0DC0 49] MacServer, [000002E2730B7500][000002E26AFD4F40 49] Linux, [000002E273068A00][000002E26AFD90C0 49] LinuxAArch64, [000002E2730B6B00][000002E26AFDD240 49] LinuxNoEditor, [000002E273068C00][000002E26AFE13C0 49] LinuxAArch64NoEditor, [000002E2730B5E00][000002E26AFE5540 49] LinuxClient, [000002E27306A800][000002E26AFE96C0 49] LinuxAArch64Client, [000002E2730B7D00][000002E26AFED840 49] LinuxServer, [000002E27306BF00][000002E26AFF19C0 49] LinuxAArch64Server, [000002E2730B5500][000002E26AFF5B40 49] Android, [000002E273069400][000002E26AFF8140 49] Android_Low, [000002E2730B6300][000002E26AFFC2C0 49] Android_Mid, [000002E27306B400][000002E26AFB8400 49] Android_High, [000002E2730B7600][000002E26B000540 49] Android_Default, [000002E273069300][000002E26B004680 49] Android_Adreno4xx, [000002E2730B7700][000002E26B0087C0 49] Android_Adreno5xx_Low, [000002E27306AF00][000002E26B010940 49] Android_Adreno5xx, [000002E2730B7300][000002E26B014AC0 49] Android_Adreno6xx, [000002E273068700][000002E26B018C40 49] Android_Adreno6xx_Vulkan, [000002E2730B4600][000002E26B01CDC0 49] Android_Mali_T6xx, [000002E273069B00][000002E26B020F40 49] Android_Mali_T7xx, [000002E2730B6C00][000002E26B0250C0 49] Android_Mali_T8xx, [000002E273069900][000002E26B029240 49] Android_Mali_G71, [000002E2730B7000][000002E26B02D3C0 49] Android_Mali_G72, [000002E2730F4400][000002E26B031540 49] Android_Mali_G72_Vulkan, [000002E2730A0B00][000002E26B0356C0 49] Android_Mali_G76, [000002E2730F7C00][000002E26B039840 49] Android_Mali_G76_Vulkan, [000002E2730A3D00][000002E26B03D9C0 49] Android_Mali_G77, [000002E2730F4800][000002E26B041B40 49] Android_Mali_G77_Vulkan, [000002E2730A1000][000002E26B044140 49] Android_Mali_G78, [000002E2730F4300][000002E26B0482C0 49] Android_Mali_G78_Vulkan, [000002E2730A1800][000002E26B04C440 49] Android_Mali_G710, [000002E2730F4100][000002E26B00C580 49] Android_Mali_G710_Vulkan, [000002E2730A0800][000002E26B0506C0 49] Android_Vulkan_SM5, [000002E2730F4600][000002E26B054800 49] Android_PowerVR_G6xxx, [000002E2730A2A00][000002E26B058940 49] Android_PowerVR_GT7xxx, [000002E2730F5C00][000002E26B060AC0 49] Android_PowerVR_GE8xxx, [000002E2730A2100][000002E26B064C40 49] Android_PowerVR_GM9xxx, [000002E2730F6900][000002E26B068DC0 49] Android_PowerVR_GM9xxx_Vulkan, [000002E2730A1C00][000002E26B06CF40 49] Android_TegraK1, [000002E2730F6300][000002E26B0710C0 49] Android_Unknown_Vulkan, [000002E2730A2900][000002E26B075240 49] Lumin, [000002E2730F6B00][000002E26B0793C0 49] Lumin_Desktop, [000002E2730A1200][000002E26B07D540 49] HoloLens, 
[2023.03.09-10.58.09:112][  0]LogMeshReduction: Using QuadricMeshReduction for automatic static mesh reduction
[2023.03.09-10.58.09:112][  0]LogMeshReduction: Using SimplygonMeshReduction for automatic skeletal mesh reduction
[2023.03.09-10.58.09:112][  0]LogMeshReduction: Using ProxyLODMeshReduction for automatic mesh merging
[2023.03.09-10.58.09:112][  0]LogMeshReduction: No distributed automatic mesh merging module available
[2023.03.09-10.58.09:112][  0]LogMeshMerging: No distributed automatic mesh merging module available
[2023.03.09-10.58.09:304][  0]LogNetVersion: GhostGang 1.0.0, NetCL: 17155196, EngineNetVer: 17, GameNetVer: 0 (Checksum: 1503634581)
[2023.03.09-10.58.09:916][  0]LogTexture: Default maximum texture size for cubemaps generated from long-lat sources has been changed from 512 to unlimited. In order to preserve old behaiour for '/Engine/MapTemplates/Sky/DaylightAmbientCubemap.DaylightAmbientCubemap', its maximum texture size has been explicitly set to 512.
[2023.03.09-10.58.10:116][  0]LogHMD: PokeAHoleMaterial loaded successfully
[2023.03.09-10.58.10:489][  0]LogMoviePlayer: Initializing movie player
[2023.03.09-10.58.10:814][  0]LogNiagaraDebuggerClient: Niagara Debugger Client Initialized | Session: E25A6BB241B24A93E4363DA54980C1D6 | Instance: 991EB493414F23A3E1F0BCB049B14CE5 (DESKTOP-S4OV2M6-11952).
[2023.03.09-10.58.10:883][  0]LogCollectionManager: Loaded 0 collections in 0.002882 seconds
[2023.03.09-10.58.10:894][  0]LogFileCache: Scanning file cache for directory 'D:/GhostGangHotel/GhostGang/Saved/Collections/' took 0.00s
[2023.03.09-10.58.10:894][  0]LogFileCache: Scanning file cache for directory 'D:/GhostGangHotel/GhostGang/Content/Developers/albee/Collections/' took 0.00s
[2023.03.09-10.58.10:894][  0]LogFileCache: Scanning file cache for directory 'D:/GhostGangHotel/GhostGang/Content/Collections/' took 0.00s
[2023.03.09-10.58.10:894][  0]LogCollectionManager: Fixed up redirectors for 0 collections in 0.000006 seconds (updated 0 objects)
[2023.03.09-10.58.10:961][  0]LogPython: Using Python 3.7.7
[2023.03.09-10.58.12:814][  0]UltraleapTrackingLog: Engine plugin DLL found at D:/UE_4.27/Engine/Plugins/Marketplace/UltraleapTracking/Binaries/Win64/LeapC.dll
[2023.03.09-10.58.12:814][  0]UltraleapTrackingLog: Leap Plugin started v4.6.0
[2023.03.09-10.58.12:912][  0]UltraleapTrackingLog: ServiceMessageLoop started.
[2023.03.09-10.58.12:912][  0]LogUdpMessaging: Initializing bridge on interface 0.0.0.0:0 to multicast group 230.0.0.1:6666.
[2023.03.09-10.58.12:942][  0]LogTcpMessaging: Initializing TcpMessaging bridge
[2023.03.09-10.58.13:265][  0]SourceControl: Source control is disabled
[2023.03.09-10.58.13:265][  0]SourceControl: Source control is disabled
[2023.03.09-10.58.13:275][  0]SourceControl: Source control is disabled
[2023.03.09-10.58.13:297][  0]LogUProjectInfo: Found projects:
[2023.03.09-10.58.13:610][  0]LogOpenImageDenoise: OIDN starting up
[2023.03.09-10.58.13:732][  0]LogAndroidPermission: UAndroidPermissionCallbackProxy::GetInstance
[2023.03.09-10.58.13:834][  0]LogAudioCaptureCore: Display: No Audio Capture implementations found. Audio input will be silent.
[2023.03.09-10.58.13:834][  0]LogAudioCaptureCore: Display: No Audio Capture implementations found. Audio input will be silent.
[2023.03.09-10.58.14:051][  0]LogOcInput: OculusInput pre-init called
[2023.03.09-10.58.14:082][  0]LogUObjectArray: 22460 objects as part of root set at end of initial load.
[2023.03.09-10.58.14:082][  0]LogUObjectAllocator: 6074928 out of 0 bytes used by permanent object pool.
[2023.03.09-10.58.14:082][  0]LogUObjectArray: CloseDisregardForGC: 0/0 objects in disregard for GC pool
[2023.03.09-10.58.14:225][  0]LogClass: Display: IntProperty FLeapFrameData::NumberOfHandsVisible is not initialized properly. Module:UltraleapTracking File:Public/UltraleapTrackingData.h
[2023.03.09-10.58.14:225][  0]LogClass: Display: IntProperty FLeapFrameData::FrameRate is not initialized properly. Module:UltraleapTracking File:Public/UltraleapTrackingData.h
[2023.03.09-10.58.14:225][  0]LogClass: Display: IntProperty FLeapFrameData::FrameId is not initialized properly. Module:UltraleapTracking File:Public/UltraleapTrackingData.h
[2023.03.09-10.58.14:225][  0]LogClass: Display: BoolProperty FLeapFrameData::LeftHandVisible is not initialized properly. Module:UltraleapTracking File:Public/UltraleapTrackingData.h
[2023.03.09-10.58.14:225][  0]LogClass: Display: BoolProperty FLeapFrameData::RightHandVisible is not initialized properly. Module:UltraleapTracking File:Public/UltraleapTrackingData.h
[2023.03.09-10.58.14:225][  0]LogClass: Display: Int64Property FLeapFrameData::TimeStamp is not initialized properly. Module:UltraleapTracking File:Public/UltraleapTrackingData.h
[2023.03.09-10.58.14:225][  0]LogClass: Display: StructProperty FLeapFrameData::FinalRotationAdjustment is not initialized properly. Module:UltraleapTracking File:Public/UltraleapTrackingData.h
[2023.03.09-10.58.14:225][  0]LogClass: Display: FloatProperty FLeapHandData::Confidence is not initialized properly. Module:UltraleapTracking File:Public/UltraleapTrackingData.h
[2023.03.09-10.58.14:225][  0]LogClass: Display: IntProperty FLeapHandData::Flags is not initialized properly. Module:UltraleapTracking File:Public/UltraleapTrackingData.h
[2023.03.09-10.58.14:225][  0]LogClass: Display: FloatProperty FLeapHandData::GrabAngle is not initialized properly. Module:UltraleapTracking File:Public/UltraleapTrackingData.h
[2023.03.09-10.58.14:225][  0]LogClass: Display: FloatProperty FLeapHandData::GrabStrength is not initialized properly. Module:UltraleapTracking File:Public/UltraleapTrackingData.h
[2023.03.09-10.58.14:226][  0]LogClass: Display: ByteProperty FLeapHandData::HandType is not initialized properly. Module:UltraleapTracking File:Public/UltraleapTrackingData.h
[2023.03.09-10.58.14:226][  0]LogClass: Display: FloatProperty FLeapHandData::PinchDistance is not initialized properly. Module:UltraleapTracking File:Public/UltraleapTrackingData.h
[2023.03.09-10.58.14:226][  0]LogClass: Display: FloatProperty FLeapHandData::PinchStrength is not initialized properly. Module:UltraleapTracking File:Public/UltraleapTrackingData.h
[2023.03.09-10.58.14:226][  0]LogClass: Display: IntProperty FLeapHandData::Id is not initialized properly. Module:UltraleapTracking File:Public/UltraleapTrackingData.h
[2023.03.09-10.58.14:226][  0]LogClass: Display: FloatProperty FLeapHandData::VisibleTime is not initialized properly. Module:UltraleapTracking File:Public/UltraleapTrackingData.h
[2023.03.09-10.58.14:226][  0]LogClass: Display: IntProperty FLeapDigitData::FingerId is not initialized properly. Module:UltraleapTracking File:Public/UltraleapTrackingData.h
[2023.03.09-10.58.14:226][  0]LogClass: Display: BoolProperty FLeapDigitData::IsExtended is not initialized properly. Module:UltraleapTracking File:Public/UltraleapTrackingData.h
[2023.03.09-10.58.14:226][  0]LogClass: Display: StructProperty FLeapBoneData::PrevJoint is not initialized properly. Module:UltraleapTracking File:Public/UltraleapTrackingData.h
[2023.03.09-10.58.14:226][  0]LogClass: Display: StructProperty FLeapBoneData::NextJoint is not initialized properly. Module:UltraleapTracking File:Public/UltraleapTrackingData.h
[2023.03.09-10.58.14:226][  0]LogClass: Display: StructProperty FLeapBoneData::Rotation is not initialized properly. Module:UltraleapTracking File:Public/UltraleapTrackingData.h
[2023.03.09-10.58.14:226][  0]LogClass: Display: FloatProperty FLeapBoneData::Width is not initialized properly. Module:UltraleapTracking File:Public/UltraleapTrackingData.h
[2023.03.09-10.58.14:226][  0]LogClass: Display: StructProperty FLeapPalmData::Direction is not initialized properly. Module:UltraleapTracking File:Public/UltraleapTrackingData.h
[2023.03.09-10.58.14:226][  0]LogClass: Display: StructProperty FLeapPalmData::Normal is not initialized properly. Module:UltraleapTracking File:Public/UltraleapTrackingData.h
[2023.03.09-10.58.14:226][  0]LogClass: Display: StructProperty FLeapPalmData::Orientation is not initialized properly. Module:UltraleapTracking File:Public/UltraleapTrackingData.h
[2023.03.09-10.58.14:226][  0]LogClass: Display: StructProperty FLeapPalmData::Position is not initialized properly. Module:UltraleapTracking File:Public/UltraleapTrackingData.h
[2023.03.09-10.58.14:226][  0]LogClass: Display: StructProperty FLeapPalmData::StabilizedPosition is not initialized properly. Module:UltraleapTracking File:Public/UltraleapTrackingData.h
[2023.03.09-10.58.14:226][  0]LogClass: Display: StructProperty FLeapPalmData::Velocity is not initialized properly. Module:UltraleapTracking File:Public/UltraleapTrackingData.h
[2023.03.09-10.58.14:227][  0]LogClass: Display: FloatProperty FLeapPalmData::Width is not initialized properly. Module:UltraleapTracking File:Public/UltraleapTrackingData.h
[2023.03.09-10.58.14:227][  0]LogClass: Display: IntProperty FBodyStateDevice::DeviceId is not initialized properly. Module:BodyState File:Public/BodyStateDevice.h
[2023.03.09-10.58.14:227][  0]LogClass: Display: EnumProperty FNamedBoneMeta::Name is not initialized properly. Module:BodyState File:Public/Skeleton/BodyStateSkeleton.h
[2023.03.09-10.58.14:227][  0]LogClass: Display: EnumProperty FKeyedTransform::Name is not initialized properly. Module:BodyState File:Public/Skeleton/BodyStateSkeleton.h
[2023.03.09-10.58.14:227][  0]LogClass: Display: EnumProperty FNamedBoneData::Name is not initialized properly. Module:BodyState File:Public/Skeleton/BodyStateSkeleton.h
[2023.03.09-10.58.14:227][  0]LogClass: Display: IntProperty FLeapDevice::Baseline is not initialized properly. Module:UltraleapTracking File:Public/UltraleapTrackingData.h
[2023.03.09-10.58.14:227][  0]LogClass: Display: FloatProperty FLeapDevice::HorizontalFOV is not initialized properly. Module:UltraleapTracking File:Public/UltraleapTrackingData.h
[2023.03.09-10.58.14:227][  0]LogClass: Display: FloatProperty FLeapDevice::VerticalFOV is not initialized properly. Module:UltraleapTracking File:Public/UltraleapTrackingData.h
[2023.03.09-10.58.14:227][  0]LogClass: Display: IntProperty FLeapDevice::Range is not initialized properly. Module:UltraleapTracking File:Public/UltraleapTrackingData.h
[2023.03.09-10.58.14:229][  0]LogClass: Display: 37 Uninitialized script struct members found including 0 object properties
[2023.03.09-10.58.14:231][  0]LogEngine: Initializing Engine...
[2023.03.09-10.58.14:240][  0]LogHMD: Failed to enumerate extensions. Please check that you have a valid OpenXR runtime installed.
[2023.03.09-10.58.14:241][  0]LogHMD: Failed to initialize OpenVR with code 110
[2023.03.09-10.58.14:241][  0]LogMagicLeap: Warning: VR disabled because ZI is not enabled.  To enable, in the editor, Edit -> Project Settings -> Plugins -> Magic Leap Plugin -> Enable Zero Iteration
[2023.03.09-10.58.14:247][  0]LogStats: UGameplayTagsManager::InitializeManager -  0.001 s
[2023.03.09-10.58.14:596][  0]LogInit: Initializing FReadOnlyCVARCache
[2023.03.09-10.58.14:596][  0]LogAudio: Display: Initializing Audio Device Manager...
[2023.03.09-10.58.14:611][  0]LogAudio: Display: Loading Default Audio Settings Objects...
[2023.03.09-10.58.14:613][  0]LogAudio: Display: No default SoundConcurrencyObject specified (or failed to load).
[2023.03.09-10.58.14:617][  0]LogAudio: Display: Audio Device Manager Initialized
[2023.03.09-10.58.14:617][  0]LogAudio: Display: Creating Audio Device:                 Id: 1, Scope: Shared, Realtime: True
[2023.03.09-10.58.14:618][  0]LogAudioMixer: Display: Audio Mixer Platform Settings:
[2023.03.09-10.58.14:618][  0]LogAudioMixer: Display: 	Sample Rate:						  48000
[2023.03.09-10.58.14:618][  0]LogAudioMixer: Display: 	Callback Buffer Frame Size Requested: 1024
[2023.03.09-10.58.14:618][  0]LogAudioMixer: Display: 	Callback Buffer Frame Size To Use:	  1024
[2023.03.09-10.58.14:618][  0]LogAudioMixer: Display: 	Number of buffers to queue:			  2
[2023.03.09-10.58.14:619][  0]LogAudioMixer: Display: 	Max Channels (voices):				  32
[2023.03.09-10.58.14:619][  0]LogAudioMixer: Display: 	Number of Async Source Workers:		  0
[2023.03.09-10.58.14:619][  0]LogAudio: Display: AudioDevice MaxSources: 32
[2023.03.09-10.58.14:621][  0]LogAudio: Display: Audio Spatialization Plugin: None (built-in).
[2023.03.09-10.58.14:624][  0]LogAudio: Display: Audio Reverb Plugin: None (built-in).
[2023.03.09-10.58.14:625][  0]LogAudio: Display: Audio Occlusion Plugin: None (built-in).
[2023.03.09-10.58.14:625][  0]LogAudioMixer: Display: Initializing audio mixer.
[2023.03.09-10.58.14:681][  0]LogAudioMixer: Display: 0: FrontLeft
[2023.03.09-10.58.14:681][  0]LogAudioMixer: Display: 1: FrontRight
[2023.03.09-10.58.14:914][  0]LogAudioMixer: Display: Using Audio Device Speakers (Realtek(R) Audio)
[2023.03.09-10.58.14:927][  0]LogAudioMixer: Display: Initializing Sound Submixes...
[2023.03.09-10.58.14:944][  0]LogAudioMixer: Display: Creating Master Submix 'MasterSubmixDefault'
[2023.03.09-10.58.14:945][  0]LogAudioMixer: Display: Creating Master Submix 'MasterReverbSubmixDefault'
[2023.03.09-10.58.14:948][  0]LogAudioMixer: Display: Creating Master Submix 'MasterEQSubmixDefault'
[2023.03.09-10.58.14:948][  0]LogAudioMixer: FMixerPlatformXAudio2::StartAudioStream() called
[2023.03.09-10.58.14:948][  0]LogAudioMixer: Display: Output buffers initialized: Frames=1024, Channels=2, Samples=2048
[2023.03.09-10.58.14:955][  0]LogAudioMixer: Display: Starting AudioMixerPlatformInterface::RunInternal()
[2023.03.09-10.58.14:955][  0]LogAudioMixer: Display: FMixerPlatformXAudio2::SubmitBuffer() called for the first time
[2023.03.09-10.58.14:955][  0]LogInit: FAudioDevice initialized.
[2023.03.09-10.58.14:959][  0]LogNetVersion: Set ProjectVersion to 1.0.0.0. Version Checksum will be recalculated on next use.
[2023.03.09-10.58.14:963][  0]LogInit: Texture streaming: Enabled
[2023.03.09-10.58.15:244][  0]LogAudio: Display: Audio Device (ID: 1) registered with world 'Untitled'.
[2023.03.09-10.58.15:245][  0]LogSlate: Updating window title bar state: overlay mode, drag disabled, window buttons hidden, title bar hidden
[2023.03.09-10.58.15:246][  0]LogInit: Display: Game Engine Initialized.
[2023.03.09-10.58.15:248][  0]LogNiagaraEditor: GEditor isn't valid! Particle reset commands will not work for Niagara components!
[2023.03.09-10.58.15:795][  0]LogInit: Display: Starting Game.
[2023.03.09-10.58.15:797][  0]LogNet: Browse: /Game/GhostGang/Levels/Level01?Name=Player
[2023.03.09-10.58.15:799][  0]LogLoad: LoadMap: /Game/GhostGang/Levels/Level01?Name=Player
[2023.03.09-10.58.15:799][  0]LogWorld: BeginTearingDown for /Temp/Untitled_0
[2023.03.09-10.58.15:804][  0]UltraleapTrackingLog: LeapService: OnConnect.
[2023.03.09-10.58.15:806][  0]BodyStateLog: BodyState::DeviceAttached: Leap Motion LP87225326331 (1)
[2023.03.09-10.58.15:807][  0]UltraleapTrackingLog: Add Device 6331 1.
[2023.03.09-10.58.15:808][  0]UltraleapTrackingLog: Device Count 1.
[2023.03.09-10.58.15:808][  0]UltraleapTrackingLog: OnDeviceFound PID 3 DeviceSerial LP87225326331.
[2023.03.09-10.58.15:809][  0]LogWorld: UWorld::CleanupWorld for Untitled, bSessionEnded=true, bCleanupResources=true
[2023.03.09-10.58.15:810][  0]LogSlate: InvalidateAllWidgets triggered.  All widgets were invalidated
[2023.03.09-10.58.15:849][  0]LogAudio: Display: Audio Device unregistered from world 'None'.
[2023.03.09-10.58.15:864][  0]LogUObjectHash: Compacting FUObjectHashTables data took   5.94ms
[2023.03.09-10.58.19:858][  0]LogBlueprint: Warning: [AssetLog] D:\UE_4.27\Engine\Plugins\Marketplace\UltraleapTracking\Content\InteractionEngine\Pawn\IEPawnHands.uasset: [Compiler] Input Axis Event references unknown Axis 'MovementAxisRight_Y' for  InputAxis MovementAxisRight_Y
[2023.03.09-10.58.19:859][  0]LogBlueprint: Warning: [AssetLog] D:\UE_4.27\Engine\Plugins\Marketplace\UltraleapTracking\Content\InteractionEngine\Pawn\IEPawnHands.uasset: [Compiler] InputAction Event references unknown Action 'Teleport' for  InputAction Teleport
[2023.03.09-10.58.19:859][  0]LogBlueprint: Warning: [AssetLog] D:\UE_4.27\Engine\Plugins\Marketplace\UltraleapTracking\Content\InteractionEngine\Pawn\IEPawnHands.uasset: [Compiler] Input Axis Event references unknown Axis 'MovementAxisLeft_Y' for  InputAxis MovementAxisLeft_Y
[2023.03.09-10.58.19:861][  0]LogBlueprint: Warning: [AssetLog] D:\UE_4.27\Engine\Plugins\Marketplace\UltraleapTracking\Content\InteractionEngine\Pawn\IEPawnHands.uasset: [Compiler] Input Axis Event references unknown Axis 'MovementAxisLeft_X' for  InputAxis MovementAxisLeft_X
[2023.03.09-10.58.19:863][  0]LogBlueprint: Warning: [AssetLog] D:\UE_4.27\Engine\Plugins\Marketplace\UltraleapTracking\Content\InteractionEngine\Pawn\IEPawnHands.uasset: [Compiler] Input Axis Event references unknown Axis 'TriggerAxisRight' for  InputAxis TriggerAxisRight
[2023.03.09-10.58.19:863][  0]LogBlueprint: Warning: [AssetLog] D:\UE_4.27\Engine\Plugins\Marketplace\UltraleapTracking\Content\InteractionEngine\Pawn\IEPawnHands.uasset: [Compiler] Input Axis Event references unknown Axis 'TriggerAxisLeft' for  InputAxis TriggerAxisLeft
[2023.03.09-10.58.19:865][  0]LogBlueprint: Warning: [AssetLog] D:\UE_4.27\Engine\Plugins\Marketplace\UltraleapTracking\Content\InteractionEngine\Pawn\IEPawnHands.uasset: [Compiler] InputAction Event references unknown Action 'MouseMoveRight' for  InputAction MouseMoveRight
[2023.03.09-10.58.19:866][  0]LogBlueprint: Warning: [AssetLog] D:\UE_4.27\Engine\Plugins\Marketplace\UltraleapTracking\Content\InteractionEngine\Pawn\IEPawnHands.uasset: [Compiler] InputAction Event references unknown Action 'LeapLocomotionLeft' for  InputAction LeapLocomotionLeft
[2023.03.09-10.58.19:868][  0]LogBlueprint: Warning: [AssetLog] D:\UE_4.27\Engine\Plugins\Marketplace\UltraleapTracking\Content\InteractionEngine\Pawn\IEPawnHands.uasset: [Compiler] InputAction Event references unknown Action 'MouseMoveLeft' for  InputAction MouseMoveLeft
[2023.03.09-10.58.19:868][  0]LogBlueprint: Warning: [AssetLog] D:\UE_4.27\Engine\Plugins\Marketplace\UltraleapTracking\Content\InteractionEngine\Pawn\IEPawnHands.uasset: [Compiler] InputAction Event references unknown Action 'MouseMoveBackward' for  InputAction MouseMoveBackward
[2023.03.09-10.58.19:869][  0]LogBlueprint: Warning: [AssetLog] D:\UE_4.27\Engine\Plugins\Marketplace\UltraleapTracking\Content\InteractionEngine\Pawn\IEPawnHands.uasset: [Compiler] InputAction Event references unknown Action 'MouseMoveForward' for  InputAction MouseMoveForward
[2023.03.09-10.58.22:354][  0]LogAudio: Display: Audio Device (ID: 1) registered with world 'Level01'.
[2023.03.09-10.58.22:384][  0]LogAIModule: Creating AISystem for world Level01
[2023.03.09-10.58.22:388][  0]LogLoad: Game class is 'GhostMode_C'
[2023.03.09-10.58.22:389][  0]UltraleapTrackingLog: Warning: LeapService: OnConnectionLost.
[2023.03.09-10.58.22:389][  0]UltraleapTrackingLog: LeapService: OnConnect.
[2023.03.09-10.58.22:391][  0]BodyStateLog: BodyState::DeviceAttached: Leap Motion LP87225326331 (2)
[2023.03.09-10.58.22:391][  0]UltraleapTrackingLog: Add Device 6331 1.
[2023.03.09-10.58.22:391][  0]UltraleapTrackingLog: Device Count 2.
[2023.03.09-10.58.22:391][  0]UltraleapTrackingLog: OnDeviceFound PID 3 DeviceSerial LP87225326331.
[2023.03.09-10.58.22:434][  0]LogWorld: Bringing World /Game/GhostGang/Levels/Level01.Level01 up for play (max tick rate 0) at 2023.03.09-10.58.22
[2023.03.09-10.58.22:437][  0]LogWorld: Bringing up level for play took: 0.044281
[2023.03.09-10.58.22:444][  0]LogTemp: Bone cache synced: 20
[2023.03.09-10.58.22:444][  0]LogTemp: Bone cache synced: 20
[2023.03.09-10.58.22:446][  0]LogTemp: Bone cache synced: 20
[2023.03.09-10.58.22:446][  0]LogTemp: Bone cache synced: 20
[2023.03.09-10.58.22:450][  0]UltraleapTrackingLog: AddEventDelegate (1).
[2023.03.09-10.58.22:450][  0]LogSlate: New Slate User Created.  User Index 8, Is Virtual User: 1
[2023.03.09-10.58.22:450][  0]LogSlate: Slate User Registered.  User Index 8, Is Virtual User: 1
[2023.03.09-10.58.22:481][  0]UltraleapTrackingLog: AddEventDelegate (2).
[2023.03.09-10.58.22:488][  0]UltraleapTrackingLog: AddEventDelegate (3).
[2023.03.09-10.58.22:489][  0]UltraleapTrackingLog: AddEventDelegate (4).
[2023.03.09-10.58.22:563][  0]LogLoad: Took 6.762512 seconds to LoadMap(/Game/GhostGang/Levels/Level01)
[2023.03.09-10.58.22:620][  0]LogSlate: Took 0.000516 seconds to synchronously load lazily loaded font '../../../Engine/Content/Slate/Fonts/Roboto-Regular.ttf' (155K)
[2023.03.09-10.58.22:683][  0]LogRenderer: Reallocating scene render targets to support 1356x736 Format 10 NumSamples 1 (Frame:1).
[2023.03.09-10.58.22:683][  0]LogInit: Display: Engine is initialized. Leaving FEngineLoop::Init()
[2023.03.09-10.58.22:683][  0]LogLoad: (Engine Initialization) Total time: 26.78 seconds
[2023.03.09-10.58.22:683][  0]LogLoad: (Engine Initialization) Total Blueprint compile time: 0.00 seconds
[2023.03.09-10.58.22:829][  0]BodyStateLog: BodyState::DeviceAttached: HMD (3)
[2023.03.09-10.58.22:829][  0]UltraleapTrackingLog: Warning: FOpenXRToLeapWrapper::InitOpenXRHandTrackingModule() No XR System found, is an HMD connected?
[2023.03.09-10.58.22:829][  0]BodyStateLog: BodyState::DeviceAttached: Leap Motion OpenXR Device 1 (4)
[2023.03.09-10.58.22:829][  0]BodyStateLog: Id: 4
[2023.03.09-10.58.22:830][  0]BodyStateLog: BodyState::Device Detached: Leap Motion OpenXR Device 1 (3)
[2023.03.09-10.58.22:830][  0]UltraleapTrackingLog: FOpenXRToLeapWrapper Attempt at closing an already closed connection.
[2023.03.09-10.58.22:836][  0]LogContentStreaming: Texture pool size now 1000 MB
[2023.03.09-10.58.22:853][  0]LogSlate: InvalidateAllWidgets triggered.  All widgets were invalidated
[2023.03.09-10.58.24:096][  1]LogSlate: Took 0.000573 seconds to synchronously load lazily loaded font '../../../Engine/Content/Slate/Fonts/Roboto-Regular.ttf' (155K)
[2023.03.09-10.58.24:156][  2]LogAudio: Display: Waited 36.644001 ms for audio thread.
[2023.03.09-10.58.24:164][  2]LogAudio: Display: Waited 44.562103 ms for audio thread.
